<?xml version="1.0" encoding="UTF-8" ?>
<testsuite errors="0" failures="1" hostname="oboff-Panther" name="codewars.CountTheDigitTest" skipped="0" tests="1" time="0.237" timestamp="2016-03-29T23:58:54">
  <properties>
[...]
</properties>
  <testcase classname="codewars.CountTheDigitTest" name="testNbDig" time="0.135">
    <failure message="expected:&lt;3012&gt; but was:&lt;4700&gt;" type="junit.framework.AssertionFailedError">junit.framework.AssertionFailedError: expected:&lt;3012&gt; but was:&lt;4700&gt;
	at codewars.CountTheDigitTest.testNbDig(CountTheDigitTest.java:46)
</failure>
  </testcase>
  <system-out><![CDATA[Fixed Tests nbDig
[0, 1, 4, 9, 16, 25, 36, 49, 64, 81, 100, 121, 144, 169, 196, 225, 256, 289, 324, 361, 400, 441, 484, 529, 576, 625, 676, 729, 784, 841, 900, 961, 1024, 1089, 1156, 1225, 1296, 1369, 1444, 1521, 1600, 1681, 1764, 1849, 1936, 2025, 2116, 2209, 2304, 2401, 2500, 2601, 2704, 2809, 2916, 3025, 3136, 3249, 3364, 3481, 3600, 3721, 3844, 3969, 4096, 4225, 4356, 4489, 4624, 4761, 4900, 5041, 5184, 5329, 5476, 5625, 5776, 5929, 6084, 6241, 6400, 6561, 6724, 6889, 7056, 7225, 7396, 7569, 7744, 7921, 8100, 8281, 8464, 8649, 8836, 9025, 9216, 9409, 9604, 9801, 10000, 10201, 10404, 10609, 10816, 11025, 11236, 11449, 11664, 11881, 12100, 12321, 12544, 12769, 12996, 13225, 13456, 13689, 13924, 14161, 14400, 14641, 14884, 15129, 15376, 15625, 15876, 16129, 16384, 16641, 16900, 17161, 17424, 17689, 17956, 18225, 18496, 18769, 19044, 19321, 19600, 19881, 20164, 20449, 20736, 21025, 21316, 21609, 21904, 22201, 22500, 22801, 23104, 23409, 23716, 24025, 24336, 24649, 24964, 25281, 25600, 25921, 26244, 26569, 26896, 27225, 27556, 27889, 28224, 28561, 28900, 29241, 29584, 29929, 30276, 30625, 30976, 31329, 31684, 32041, 32400, 32761, 33124, 33489, 33856, 34225, 34596, 34969, 35344, 35721, 36100, 36481, 36864, 37249, 37636, 38025, 38416, 38809, 39204, 39601, 40000, 40401, 40804, 41209, 41616, 42025, 42436, 42849, 43264, 43681, 44100, 44521, 44944, 45369, 45796, 46225, 46656, 47089, 47524, 47961, 48400, 48841, 49284, 49729, 50176, 50625, 51076, 51529, 51984, 52441, 52900, 53361, 53824, 54289, 54756, 55225, 55696, 56169, 56644, 57121, 57600, 58081, 58564, 59049, 59536, 60025, 60516, 61009, 61504, 62001, 62500, 63001, 63504, 64009, 64516, 65025, 65536, 66049, 66564, 67081, 67600, 68121, 68644, 69169, 69696, 70225, 70756, 71289, 71824, 72361, 72900, 73441, 73984, 74529, 75076, 75625, 76176, 76729, 77284, 77841, 78400, 78961, 79524, 80089, 80656, 81225, 81796, 82369, 82944, 83521, 84100, 84681, 85264, 85849, 86436, 87025, 87616, 88209, 88804, 89401, 90000, 90601, 91204, 91809, 92416, 93025, 93636, 94249, 94864, 95481, 96100, 96721, 97344, 97969, 98596, 99225, 99856, 100489, 101124, 101761, 102400, 103041, 103684, 104329, 104976, 105625, 106276, 106929, 107584, 108241, 108900, 109561, 110224, 110889, 111556, 112225, 112896, 113569, 114244, 114921, 115600, 116281, 116964, 117649, 118336, 119025, 119716, 120409, 121104, 121801, 122500, 123201, 123904, 124609, 125316, 126025, 126736, 127449, 128164, 128881, 129600, 130321, 131044, 131769, 132496, 133225, 133956, 134689, 135424, 136161, 136900, 137641, 138384, 139129, 139876, 140625, 141376, 142129, 142884, 143641, 144400, 145161, 145924, 146689, 147456, 148225, 148996, 149769, 150544, 151321, 152100, 152881, 153664, 154449, 155236, 156025, 156816, 157609, 158404, 159201, 160000, 160801, 161604, 162409, 163216, 164025, 164836, 165649, 166464, 167281, 168100, 168921, 169744, 170569, 171396, 172225, 173056, 173889, 174724, 175561, 176400, 177241, 178084, 178929, 179776, 180625, 181476, 182329, 183184, 184041, 184900, 185761, 186624, 187489, 188356, 189225, 190096, 190969, 191844, 192721, 193600, 194481, 195364, 196249, 197136, 198025, 198916, 199809, 200704, 201601, 202500, 203401, 204304, 205209, 206116, 207025, 207936, 208849, 209764, 210681, 211600, 212521, 213444, 214369, 215296, 216225, 217156, 218089, 219024, 219961, 220900, 221841, 222784, 223729, 224676, 225625, 226576, 227529, 228484, 229441, 230400, 231361, 232324, 233289, 234256, 235225, 236196, 237169, 238144, 239121, 240100, 241081, 242064, 243049, 244036, 245025, 246016, 247009, 248004, 249001, 250000, 251001, 252004, 253009, 254016, 255025, 256036, 257049, 258064, 259081, 260100, 261121, 262144, 263169, 264196, 265225, 266256, 267289, 268324, 269361, 270400, 271441, 272484, 273529, 274576, 275625, 276676, 277729, 278784, 279841, 280900, 281961, 283024, 284089, 285156, 286225, 287296, 288369, 289444, 290521, 291600, 292681, 293764, 294849, 295936, 297025, 298116, 299209, 300304, 301401, 302500, 303601, 304704, 305809, 306916, 308025, 309136, 310249, 311364, 312481, 313600, 314721, 315844, 316969, 318096, 319225, 320356, 321489, 322624, 323761, 324900, 326041, 327184, 328329, 329476, 330625, 331776, 332929, 334084, 335241, 336400, 337561, 338724, 339889, 341056, 342225, 343396, 344569, 345744, 346921, 348100, 349281, 350464, 351649, 352836, 354025, 355216, 356409, 357604, 358801, 360000, 361201, 362404, 363609, 364816, 366025, 367236, 368449, 369664, 370881, 372100, 373321, 374544, 375769, 376996, 378225, 379456, 380689, 381924, 383161, 384400, 385641, 386884, 388129, 389376, 390625, 391876, 393129, 394384, 395641, 396900, 398161, 399424, 400689, 401956, 403225, 404496, 405769, 407044, 408321, 409600, 410881, 412164, 413449, 414736, 416025, 417316, 418609, 419904, 421201, 422500, 423801, 425104, 426409, 427716, 429025, 430336, 431649, 432964, 434281, 435600, 436921, 438244, 439569, 440896, 442225, 443556, 444889, 446224, 447561, 448900, 450241, 451584, 452929, 454276, 455625, 456976, 458329, 459684, 461041, 462400, 463761, 465124, 466489, 467856, 469225, 470596, 471969, 473344, 474721, 476100, 477481, 478864, 480249, 481636, 483025, 484416, 485809, 487204, 488601, 490000, 491401, 492804, 494209, 495616, 497025, 498436, 499849, 501264, 502681, 504100, 505521, 506944, 508369, 509796, 511225, 512656, 514089, 515524, 516961, 518400, 519841, 521284, 522729, 524176, 525625, 527076, 528529, 529984, 531441, 532900, 534361, 535824, 537289, 538756, 540225, 541696, 543169, 544644, 546121, 547600, 549081, 550564, 552049, 553536, 555025, 556516, 558009, 559504, 561001, 562500, 564001, 565504, 567009, 568516, 570025, 571536, 573049, 574564, 576081, 577600, 579121, 580644, 582169, 583696, 585225, 586756, 588289, 589824, 591361, 592900, 594441, 595984, 597529, 599076, 600625, 602176, 603729, 605284, 606841, 608400, 609961, 611524, 613089, 614656, 616225, 617796, 619369, 620944, 622521, 624100, 625681, 627264, 628849, 630436, 632025, 633616, 635209, 636804, 638401, 640000, 641601, 643204, 644809, 646416, 648025, 649636, 651249, 652864, 654481, 656100, 657721, 659344, 660969, 662596, 664225, 665856, 667489, 669124, 670761, 672400, 674041, 675684, 677329, 678976, 680625, 682276, 683929, 685584, 687241, 688900, 690561, 692224, 693889, 695556, 697225, 698896, 700569, 702244, 703921, 705600, 707281, 708964, 710649, 712336, 714025, 715716, 717409, 719104, 720801, 722500, 724201, 725904, 727609, 729316, 731025, 732736, 734449, 736164, 737881, 739600, 741321, 743044, 744769, 746496, 748225, 749956, 751689, 753424, 755161, 756900, 758641, 760384, 762129, 763876, 765625, 767376, 769129, 770884, 772641, 774400, 776161, 777924, 779689, 781456, 783225, 784996, 786769, 788544, 790321, 792100, 793881, 795664, 797449, 799236, 801025, 802816, 804609, 806404, 808201, 810000, 811801, 813604, 815409, 817216, 819025, 820836, 822649, 824464, 826281, 828100, 829921, 831744, 833569, 835396, 837225, 839056, 840889, 842724, 844561, 846400, 848241, 850084, 851929, 853776, 855625, 857476, 859329, 861184, 863041, 864900, 866761, 868624, 870489, 872356, 874225, 876096, 877969, 879844, 881721, 883600, 885481, 887364, 889249, 891136, 893025, 894916, 896809, 898704, 900601, 902500, 904401, 906304, 908209, 910116, 912025, 913936, 915849, 917764, 919681, 921600, 923521, 925444, 927369, 929296, 931225, 933156, 935089, 937024, 938961, 940900, 942841, 944784, 946729, 948676, 950625, 952576, 954529, 956484, 958441, 960400, 962361, 964324, 966289, 968256, 970225, 972196, 974169, 976144, 978121, 980100, 982081, 984064, 986049, 988036, 990025, 992016, 994009, 996004, 998001, 1000000, 1002001, 1004004, 1006009, 1008016, 1010025, 1012036, 1014049, 1016064, 1018081, 1020100, 1022121, 1024144, 1026169, 1028196, 1030225, 1032256, 1034289, 1036324, 1038361, 1040400, 1042441, 1044484, 1046529, 1048576, 1050625, 1052676, 1054729, 1056784, 1058841, 1060900, 1062961, 1065024, 1067089, 1069156, 1071225, 1073296, 1075369, 1077444, 1079521, 1081600, 1083681, 1085764, 1087849, 1089936, 1092025, 1094116, 1096209, 1098304, 1100401, 1102500, 1104601, 1106704, 1108809, 1110916, 1113025, 1115136, 1117249, 1119364, 1121481, 1123600, 1125721, 1127844, 1129969, 1132096, 1134225, 1136356, 1138489, 1140624, 1142761, 1144900, 1147041, 1149184, 1151329, 1153476, 1155625, 1157776, 1159929, 1162084, 1164241, 1166400, 1168561, 1170724, 1172889, 1175056, 1177225, 1179396, 1181569, 1183744, 1185921, 1188100, 1190281, 1192464, 1194649, 1196836, 1199025, 1201216, 1203409, 1205604, 1207801, 1210000, 1212201, 1214404, 1216609, 1218816, 1221025, 1223236, 1225449, 1227664, 1229881, 1232100, 1234321, 1236544, 1238769, 1240996, 1243225, 1245456, 1247689, 1249924, 1252161, 1254400, 1256641, 1258884, 1261129, 1263376, 1265625, 1267876, 1270129, 1272384, 1274641, 1276900, 1279161, 1281424, 1283689, 1285956, 1288225, 1290496, 1292769, 1295044, 1297321, 1299600, 1301881, 1304164, 1306449, 1308736, 1311025, 1313316, 1315609, 1317904, 1320201, 1322500, 1324801, 1327104, 1329409, 1331716, 1334025, 1336336, 1338649, 1340964, 1343281, 1345600, 1347921, 1350244, 1352569, 1354896, 1357225, 1359556, 1361889, 1364224, 1366561, 1368900, 1371241, 1373584, 1375929, 1378276, 1380625, 1382976, 1385329, 1387684, 1390041, 1392400, 1394761, 1397124, 1399489, 1401856, 1404225, 1406596, 1408969, 1411344, 1413721, 1416100, 1418481, 1420864, 1423249, 1425636, 1428025, 1430416, 1432809, 1435204, 1437601, 1440000, 1442401, 1444804, 1447209, 1449616, 1452025, 1454436, 1456849, 1459264, 1461681, 1464100, 1466521, 1468944, 1471369, 1473796, 1476225, 1478656, 1481089, 1483524, 1485961, 1488400, 1490841, 1493284, 1495729, 1498176, 1500625, 1503076, 1505529, 1507984, 1510441, 1512900, 1515361, 1517824, 1520289, 1522756, 1525225, 1527696, 1530169, 1532644, 1535121, 1537600, 1540081, 1542564, 1545049, 1547536, 1550025, 1552516, 1555009, 1557504, 1560001, 1562500, 1565001, 1567504, 1570009, 1572516, 1575025, 1577536, 1580049, 1582564, 1585081, 1587600, 1590121, 1592644, 1595169, 1597696, 1600225, 1602756, 1605289, 1607824, 1610361, 1612900, 1615441, 1617984, 1620529, 1623076, 1625625, 1628176, 1630729, 1633284, 1635841, 1638400, 1640961, 1643524, 1646089, 1648656, 1651225, 1653796, 1656369, 1658944, 1661521, 1664100, 1666681, 1669264, 1671849, 1674436, 1677025, 1679616, 1682209, 1684804, 1687401, 1690000, 1692601, 1695204, 1697809, 1700416, 1703025, 1705636, 1708249, 1710864, 1713481, 1716100, 1718721, 1721344, 1723969, 1726596, 1729225, 1731856, 1734489, 1737124, 1739761, 1742400, 1745041, 1747684, 1750329, 1752976, 1755625, 1758276, 1760929, 1763584, 1766241, 1768900, 1771561, 1774224, 1776889, 1779556, 1782225, 1784896, 1787569, 1790244, 1792921, 1795600, 1798281, 1800964, 1803649, 1806336, 1809025, 1811716, 1814409, 1817104, 1819801, 1822500, 1825201, 1827904, 1830609, 1833316, 1836025, 1838736, 1841449, 1844164, 1846881, 1849600, 1852321, 1855044, 1857769, 1860496, 1863225, 1865956, 1868689, 1871424, 1874161, 1876900, 1879641, 1882384, 1885129, 1887876, 1890625, 1893376, 1896129, 1898884, 1901641, 1904400, 1907161, 1909924, 1912689, 1915456, 1918225, 1920996, 1923769, 1926544, 1929321, 1932100, 1934881, 1937664, 1940449, 1943236, 1946025, 1948816, 1951609, 1954404, 1957201, 1960000, 1962801, 1965604, 1968409, 1971216, 1974025, 1976836, 1979649, 1982464, 1985281, 1988100, 1990921, 1993744, 1996569, 1999396, 2002225, 2005056, 2007889, 2010724, 2013561, 2016400, 2019241, 2022084, 2024929, 2027776, 2030625, 2033476, 2036329, 2039184, 2042041, 2044900, 2047761, 2050624, 2053489, 2056356, 2059225, 2062096, 2064969, 2067844, 2070721, 2073600, 2076481, 2079364, 2082249, 2085136, 2088025, 2090916, 2093809, 2096704, 2099601, 2102500, 2105401, 2108304, 2111209, 2114116, 2117025, 2119936, 2122849, 2125764, 2128681, 2131600, 2134521, 2137444, 2140369, 2143296, 2146225, 2149156, 2152089, 2155024, 2157961, 2160900, 2163841, 2166784, 2169729, 2172676, 2175625, 2178576, 2181529, 2184484, 2187441, 2190400, 2193361, 2196324, 2199289, 2202256, 2205225, 2208196, 2211169, 2214144, 2217121, 2220100, 2223081, 2226064, 2229049, 2232036, 2235025, 2238016, 2241009, 2244004, 2247001, 2250000, 2253001, 2256004, 2259009, 2262016, 2265025, 2268036, 2271049, 2274064, 2277081, 2280100, 2283121, 2286144, 2289169, 2292196, 2295225, 2298256, 2301289, 2304324, 2307361, 2310400, 2313441, 2316484, 2319529, 2322576, 2325625, 2328676, 2331729, 2334784, 2337841, 2340900, 2343961, 2347024, 2350089, 2353156, 2356225, 2359296, 2362369, 2365444, 2368521, 2371600, 2374681, 2377764, 2380849, 2383936, 2387025, 2390116, 2393209, 2396304, 2399401, 2402500, 2405601, 2408704, 2411809, 2414916, 2418025, 2421136, 2424249, 2427364, 2430481, 2433600, 2436721, 2439844, 2442969, 2446096, 2449225, 2452356, 2455489, 2458624, 2461761, 2464900, 2468041, 2471184, 2474329, 2477476, 2480625, 2483776, 2486929, 2490084, 2493241, 2496400, 2499561, 2502724, 2505889, 2509056, 2512225, 2515396, 2518569, 2521744, 2524921, 2528100, 2531281, 2534464, 2537649, 2540836, 2544025, 2547216, 2550409, 2553604, 2556801, 2560000, 2563201, 2566404, 2569609, 2572816, 2576025, 2579236, 2582449, 2585664, 2588881, 2592100, 2595321, 2598544, 2601769, 2604996, 2608225, 2611456, 2614689, 2617924, 2621161, 2624400, 2627641, 2630884, 2634129, 2637376, 2640625, 2643876, 2647129, 2650384, 2653641, 2656900, 2660161, 2663424, 2666689, 2669956, 2673225, 2676496, 2679769, 2683044, 2686321, 2689600, 2692881, 2696164, 2699449, 2702736, 2706025, 2709316, 2712609, 2715904, 2719201, 2722500, 2725801, 2729104, 2732409, 2735716, 2739025, 2742336, 2745649, 2748964, 2752281, 2755600, 2758921, 2762244, 2765569, 2768896, 2772225, 2775556, 2778889, 2782224, 2785561, 2788900, 2792241, 2795584, 2798929, 2802276, 2805625, 2808976, 2812329, 2815684, 2819041, 2822400, 2825761, 2829124, 2832489, 2835856, 2839225, 2842596, 2845969, 2849344, 2852721, 2856100, 2859481, 2862864, 2866249, 2869636, 2873025, 2876416, 2879809, 2883204, 2886601, 2890000, 2893401, 2896804, 2900209, 2903616, 2907025, 2910436, 2913849, 2917264, 2920681, 2924100, 2927521, 2930944, 2934369, 2937796, 2941225, 2944656, 2948089, 2951524, 2954961, 2958400, 2961841, 2965284, 2968729, 2972176, 2975625, 2979076, 2982529, 2985984, 2989441, 2992900, 2996361, 2999824, 3003289, 3006756, 3010225, 3013696, 3017169, 3020644, 3024121, 3027600, 3031081, 3034564, 3038049, 3041536, 3045025, 3048516, 3052009, 3055504, 3059001, 3062500, 3066001, 3069504, 3073009, 3076516, 3080025, 3083536, 3087049, 3090564, 3094081, 3097600, 3101121, 3104644, 3108169, 3111696, 3115225, 3118756, 3122289, 3125824, 3129361, 3132900, 3136441, 3139984, 3143529, 3147076, 3150625, 3154176, 3157729, 3161284, 3164841, 3168400, 3171961, 3175524, 3179089, 3182656, 3186225, 3189796, 3193369, 3196944, 3200521, 3204100, 3207681, 3211264, 3214849, 3218436, 3222025, 3225616, 3229209, 3232804, 3236401, 3240000, 3243601, 3247204, 3250809, 3254416, 3258025, 3261636, 3265249, 3268864, 3272481, 3276100, 3279721, 3283344, 3286969, 3290596, 3294225, 3297856, 3301489, 3305124, 3308761, 3312400, 3316041, 3319684, 3323329, 3326976, 3330625, 3334276, 3337929, 3341584, 3345241, 3348900, 3352561, 3356224, 3359889, 3363556, 3367225, 3370896, 3374569, 3378244, 3381921, 3385600, 3389281, 3392964, 3396649, 3400336, 3404025, 3407716, 3411409, 3415104, 3418801, 3422500, 3426201, 3429904, 3433609, 3437316, 3441025, 3444736, 3448449, 3452164, 3455881, 3459600, 3463321, 3467044, 3470769, 3474496, 3478225, 3481956, 3485689, 3489424, 3493161, 3496900, 3500641, 3504384, 3508129, 3511876, 3515625, 3519376, 3523129, 3526884, 3530641, 3534400, 3538161, 3541924, 3545689, 3549456, 3553225, 3556996, 3560769, 3564544, 3568321, 3572100, 3575881, 3579664, 3583449, 3587236, 3591025, 3594816, 3598609, 3602404, 3606201, 3610000, 3613801, 3617604, 3621409, 3625216, 3629025, 3632836, 3636649, 3640464, 3644281, 3648100, 3651921, 3655744, 3659569, 3663396, 3667225, 3671056, 3674889, 3678724, 3682561, 3686400, 3690241, 3694084, 3697929, 3701776, 3705625, 3709476, 3713329, 3717184, 3721041, 3724900, 3728761, 3732624, 3736489, 3740356, 3744225, 3748096, 3751969, 3755844, 3759721, 3763600, 3767481, 3771364, 3775249, 3779136, 3783025, 3786916, 3790809, 3794704, 3798601, 3802500, 3806401, 3810304, 3814209, 3818116, 3822025, 3825936, 3829849, 3833764, 3837681, 3841600, 3845521, 3849444, 3853369, 3857296, 3861225, 3865156, 3869089, 3873024, 3876961, 3880900, 3884841, 3888784, 3892729, 3896676, 3900625, 3904576, 3908529, 3912484, 3916441, 3920400, 3924361, 3928324, 3932289, 3936256, 3940225, 3944196, 3948169, 3952144, 3956121, 3960100, 3964081, 3968064, 3972049, 3976036, 3980025, 3984016, 3988009, 3992004, 3996001, 4000000, 4004001, 4008004, 4012009, 4016016, 4020025, 4024036, 4028049, 4032064, 4036081, 4040100, 4044121, 4048144, 4052169, 4056196, 4060225, 4064256, 4068289, 4072324, 4076361, 4080400, 4084441, 4088484, 4092529, 4096576, 4100625, 4104676, 4108729, 4112784, 4116841, 4120900, 4124961, 4129024, 4133089, 4137156, 4141225, 4145296, 4149369, 4153444, 4157521, 4161600, 4165681, 4169764, 4173849, 4177936, 4182025, 4186116, 4190209, 4194304, 4198401, 4202500, 4206601, 4210704, 4214809, 4218916, 4223025, 4227136, 4231249, 4235364, 4239481, 4243600, 4247721, 4251844, 4255969, 4260096, 4264225, 4268356, 4272489, 4276624, 4280761, 4284900, 4289041, 4293184, 4297329, 4301476, 4305625, 4309776, 4313929, 4318084, 4322241, 4326400, 4330561, 4334724, 4338889, 4343056, 4347225, 4351396, 4355569, 4359744, 4363921, 4368100, 4372281, 4376464, 4380649, 4384836, 4389025, 4393216, 4397409, 4401604, 4405801, 4410000, 4414201, 4418404, 4422609, 4426816, 4431025, 4435236, 4439449, 4443664, 4447881, 4452100, 4456321, 4460544, 4464769, 4468996, 4473225, 4477456, 4481689, 4485924, 4490161, 4494400, 4498641, 4502884, 4507129, 4511376, 4515625, 4519876, 4524129, 4528384, 4532641, 4536900, 4541161, 4545424, 4549689, 4553956, 4558225, 4562496, 4566769, 4571044, 4575321, 4579600, 4583881, 4588164, 4592449, 4596736, 4601025, 4605316, 4609609, 4613904, 4618201, 4622500, 4626801, 4631104, 4635409, 4639716, 4644025, 4648336, 4652649, 4656964, 4661281, 4665600, 4669921, 4674244, 4678569, 4682896, 4687225, 4691556, 4695889, 4700224, 4704561, 4708900, 4713241, 4717584, 4721929, 4726276, 4730625, 4734976, 4739329, 4743684, 4748041, 4752400, 4756761, 4761124, 4765489, 4769856, 4774225, 4778596, 4782969, 4787344, 4791721, 4796100, 4800481, 4804864, 4809249, 4813636, 4818025, 4822416, 4826809, 4831204, 4835601, 4840000, 4844401, 4848804, 4853209, 4857616, 4862025, 4866436, 4870849, 4875264, 4879681, 4884100, 4888521, 4892944, 4897369, 4901796, 4906225, 4910656, 4915089, 4919524, 4923961, 4928400, 4932841, 4937284, 4941729, 4946176, 4950625, 4955076, 4959529, 4963984, 4968441, 4972900, 4977361, 4981824, 4986289, 4990756, 4995225, 4999696, 5004169, 5008644, 5013121, 5017600, 5022081, 5026564, 5031049, 5035536, 5040025, 5044516, 5049009, 5053504, 5058001, 5062500, 5067001, 5071504, 5076009, 5080516, 5085025, 5089536, 5094049, 5098564, 5103081, 5107600, 5112121, 5116644, 5121169, 5125696, 5130225, 5134756, 5139289, 5143824, 5148361, 5152900, 5157441, 5161984, 5166529, 5171076, 5175625, 5180176, 5184729, 5189284, 5193841, 5198400, 5202961, 5207524, 5212089, 5216656, 5221225, 5225796, 5230369, 5234944, 5239521, 5244100, 5248681, 5253264, 5257849, 5262436, 5267025, 5271616, 5276209, 5280804, 5285401, 5290000, 5294601, 5299204, 5303809, 5308416, 5313025, 5317636, 5322249, 5326864, 5331481, 5336100, 5340721, 5345344, 5349969, 5354596, 5359225, 5363856, 5368489, 5373124, 5377761, 5382400, 5387041, 5391684, 5396329, 5400976, 5405625, 5410276, 5414929, 5419584, 5424241, 5428900, 5433561, 5438224, 5442889, 5447556, 5452225, 5456896, 5461569, 5466244, 5470921, 5475600, 5480281, 5484964, 5489649, 5494336, 5499025, 5503716, 5508409, 5513104, 5517801, 5522500, 5527201, 5531904, 5536609, 5541316, 5546025, 5550736, 5555449, 5560164, 5564881, 5569600, 5574321, 5579044, 5583769, 5588496, 5593225, 5597956, 5602689, 5607424, 5612161, 5616900, 5621641, 5626384, 5631129, 5635876, 5640625, 5645376, 5650129, 5654884, 5659641, 5664400, 5669161, 5673924, 5678689, 5683456, 5688225, 5692996, 5697769, 5702544, 5707321, 5712100, 5716881, 5721664, 5726449, 5731236, 5736025, 5740816, 5745609, 5750404, 5755201, 5760000, 5764801, 5769604, 5774409, 5779216, 5784025, 5788836, 5793649, 5798464, 5803281, 5808100, 5812921, 5817744, 5822569, 5827396, 5832225, 5837056, 5841889, 5846724, 5851561, 5856400, 5861241, 5866084, 5870929, 5875776, 5880625, 5885476, 5890329, 5895184, 5900041, 5904900, 5909761, 5914624, 5919489, 5924356, 5929225, 5934096, 5938969, 5943844, 5948721, 5953600, 5958481, 5963364, 5968249, 5973136, 5978025, 5982916, 5987809, 5992704, 5997601, 6002500, 6007401, 6012304, 6017209, 6022116, 6027025, 6031936, 6036849, 6041764, 6046681, 6051600, 6056521, 6061444, 6066369, 6071296, 6076225, 6081156, 6086089, 6091024, 6095961, 6100900, 6105841, 6110784, 6115729, 6120676, 6125625, 6130576, 6135529, 6140484, 6145441, 6150400, 6155361, 6160324, 6165289, 6170256, 6175225, 6180196, 6185169, 6190144, 6195121, 6200100, 6205081, 6210064, 6215049, 6220036, 6225025, 6230016, 6235009, 6240004, 6245001, 6250000, 6255001, 6260004, 6265009, 6270016, 6275025, 6280036, 6285049, 6290064, 6295081, 6300100, 6305121, 6310144, 6315169, 6320196, 6325225, 6330256, 6335289, 6340324, 6345361, 6350400, 6355441, 6360484, 6365529, 6370576, 6375625, 6380676, 6385729, 6390784, 6395841, 6400900, 6405961, 6411024, 6416089, 6421156, 6426225, 6431296, 6436369, 6441444, 6446521, 6451600, 6456681, 6461764, 6466849, 6471936, 6477025, 6482116, 6487209, 6492304, 6497401, 6502500, 6507601, 6512704, 6517809, 6522916, 6528025, 6533136, 6538249, 6543364, 6548481, 6553600, 6558721, 6563844, 6568969, 6574096, 6579225, 6584356, 6589489, 6594624, 6599761, 6604900, 6610041, 6615184, 6620329, 6625476, 6630625, 6635776, 6640929, 6646084, 6651241, 6656400, 6661561, 6666724, 6671889, 6677056, 6682225, 6687396, 6692569, 6697744, 6702921, 6708100, 6713281, 6718464, 6723649, 6728836, 6734025, 6739216, 6744409, 6749604, 6754801, 6760000, 6765201, 6770404, 6775609, 6780816, 6786025, 6791236, 6796449, 6801664, 6806881, 6812100, 6817321, 6822544, 6827769, 6832996, 6838225, 6843456, 6848689, 6853924, 6859161, 6864400, 6869641, 6874884, 6880129, 6885376, 6890625, 6895876, 6901129, 6906384, 6911641, 6916900, 6922161, 6927424, 6932689, 6937956, 6943225, 6948496, 6953769, 6959044, 6964321, 6969600, 6974881, 6980164, 6985449, 6990736, 6996025, 7001316, 7006609, 7011904, 7017201, 7022500, 7027801, 7033104, 7038409, 7043716, 7049025, 7054336, 7059649, 7064964, 7070281, 7075600, 7080921, 7086244, 7091569, 7096896, 7102225, 7107556, 7112889, 7118224, 7123561, 7128900, 7134241, 7139584, 7144929, 7150276, 7155625, 7160976, 7166329, 7171684, 7177041, 7182400, 7187761, 7193124, 7198489, 7203856, 7209225, 7214596, 7219969, 7225344, 7230721, 7236100, 7241481, 7246864, 7252249, 7257636, 7263025, 7268416, 7273809, 7279204, 7284601, 7290000, 7295401, 7300804, 7306209, 7311616, 7317025, 7322436, 7327849, 7333264, 7338681, 7344100, 7349521, 7354944, 7360369, 7365796, 7371225, 7376656, 7382089, 7387524, 7392961, 7398400, 7403841, 7409284, 7414729, 7420176, 7425625, 7431076, 7436529, 7441984, 7447441, 7452900, 7458361, 7463824, 7469289, 7474756, 7480225, 7485696, 7491169, 7496644, 7502121, 7507600, 7513081, 7518564, 7524049, 7529536, 7535025, 7540516, 7546009, 7551504, 7557001, 7562500, 7568001, 7573504, 7579009, 7584516, 7590025, 7595536, 7601049, 7606564, 7612081, 7617600, 7623121, 7628644, 7634169, 7639696, 7645225, 7650756, 7656289, 7661824, 7667361, 7672900, 7678441, 7683984, 7689529, 7695076, 7700625, 7706176, 7711729, 7717284, 7722841, 7728400, 7733961, 7739524, 7745089, 7750656, 7756225, 7761796, 7767369, 7772944, 7778521, 7784100, 7789681, 7795264, 7800849, 7806436, 7812025, 7817616, 7823209, 7828804, 7834401, 7840000, 7845601, 7851204, 7856809, 7862416, 7868025, 7873636, 7879249, 7884864, 7890481, 7896100, 7901721, 7907344, 7912969, 7918596, 7924225, 7929856, 7935489, 7941124, 7946761, 7952400, 7958041, 7963684, 7969329, 7974976, 7980625, 7986276, 7991929, 7997584, 8003241, 8008900, 8014561, 8020224, 8025889, 8031556, 8037225, 8042896, 8048569, 8054244, 8059921, 8065600, 8071281, 8076964, 8082649, 8088336, 8094025, 8099716, 8105409, 8111104, 8116801, 8122500, 8128201, 8133904, 8139609, 8145316, 8151025, 8156736, 8162449, 8168164, 8173881, 8179600, 8185321, 8191044, 8196769, 8202496, 8208225, 8213956, 8219689, 8225424, 8231161, 8236900, 8242641, 8248384, 8254129, 8259876, 8265625, 8271376, 8277129, 8282884, 8288641, 8294400, 8300161, 8305924, 8311689, 8317456, 8323225, 8328996, 8334769, 8340544, 8346321, 8352100, 8357881, 8363664, 8369449, 8375236, 8381025, 8386816, 8392609, 8398404, 8404201, 8410000, 8415801, 8421604, 8427409, 8433216, 8439025, 8444836, 8450649, 8456464, 8462281, 8468100, 8473921, 8479744, 8485569, 8491396, 8497225, 8503056, 8508889, 8514724, 8520561, 8526400, 8532241, 8538084, 8543929, 8549776, 8555625, 8561476, 8567329, 8573184, 8579041, 8584900, 8590761, 8596624, 8602489, 8608356, 8614225, 8620096, 8625969, 8631844, 8637721, 8643600, 8649481, 8655364, 8661249, 8667136, 8673025, 8678916, 8684809, 8690704, 8696601, 8702500, 8708401, 8714304, 8720209, 8726116, 8732025, 8737936, 8743849, 8749764, 8755681, 8761600, 8767521, 8773444, 8779369, 8785296, 8791225, 8797156, 8803089, 8809024, 8814961, 8820900, 8826841, 8832784, 8838729, 8844676, 8850625, 8856576, 8862529, 8868484, 8874441, 8880400, 8886361, 8892324, 8898289, 8904256, 8910225, 8916196, 8922169, 8928144, 8934121, 8940100, 8946081, 8952064, 8958049, 8964036, 8970025, 8976016, 8982009, 8988004, 8994001, 9000000, 9006001, 9012004, 9018009, 9024016, 9030025, 9036036, 9042049, 9048064, 9054081, 9060100, 9066121, 9072144, 9078169, 9084196, 9090225, 9096256, 9102289, 9108324, 9114361, 9120400, 9126441, 9132484, 9138529, 9144576, 9150625, 9156676, 9162729, 9168784, 9174841, 9180900, 9186961, 9193024, 9199089, 9205156, 9211225, 9217296, 9223369, 9229444, 9235521, 9241600, 9247681, 9253764, 9259849, 9265936, 9272025, 9278116, 9284209, 9290304, 9296401, 9302500, 9308601, 9314704, 9320809, 9326916, 9333025, 9339136, 9345249, 9351364, 9357481, 9363600, 9369721, 9375844, 9381969, 9388096, 9394225, 9400356, 9406489, 9412624, 9418761, 9424900, 9431041, 9437184, 9443329, 9449476, 9455625, 9461776, 9467929, 9474084, 9480241, 9486400, 9492561, 9498724, 9504889, 9511056, 9517225, 9523396, 9529569, 9535744, 9541921, 9548100, 9554281, 9560464, 9566649, 9572836, 9579025, 9585216, 9591409, 9597604, 9603801, 9610000, 9616201, 9622404, 9628609, 9634816, 9641025, 9647236, 9653449, 9659664, 9665881, 9672100, 9678321, 9684544, 9690769, 9696996, 9703225, 9709456, 9715689, 9721924, 9728161, 9734400, 9740641, 9746884, 9753129, 9759376, 9765625, 9771876, 9778129, 9784384, 9790641, 9796900, 9803161, 9809424, 9815689, 9821956, 9828225, 9834496, 9840769, 9847044, 9853321, 9859600, 9865881, 9872164, 9878449, 9884736, 9891025, 9897316, 9903609, 9909904, 9916201, 9922500, 9928801, 9935104, 9941409, 9947716, 9954025, 9960336, 9966649, 9972964, 9979281, 9985600, 9991921, 9998244, 10004569, 10010896, 10017225, 10023556, 10029889, 10036224, 10042561, 10048900, 10055241, 10061584, 10067929, 10074276, 10080625, 10086976, 10093329, 10099684, 10106041, 10112400, 10118761, 10125124, 10131489, 10137856, 10144225, 10150596, 10156969, 10163344, 10169721, 10176100, 10182481, 10188864, 10195249, 10201636, 10208025, 10214416, 10220809, 10227204, 10233601, 10240000, 10246401, 10252804, 10259209, 10265616, 10272025, 10278436, 10284849, 10291264, 10297681, 10304100, 10310521, 10316944, 10323369, 10329796, 10336225, 10342656, 10349089, 10355524, 10361961, 10368400, 10374841, 10381284, 10387729, 10394176, 10400625, 10407076, 10413529, 10419984, 10426441, 10432900, 10439361, 10445824, 10452289, 10458756, 10465225, 10471696, 10478169, 10484644, 10491121, 10497600, 10504081, 10510564, 10517049, 10523536, 10530025, 10536516, 10543009, 10549504, 10556001, 10562500, 10569001, 10575504, 10582009, 10588516, 10595025, 10601536, 10608049, 10614564, 10621081, 10627600, 10634121, 10640644, 10647169, 10653696, 10660225, 10666756, 10673289, 10679824, 10686361, 10692900, 10699441, 10705984, 10712529, 10719076, 10725625, 10732176, 10738729, 10745284, 10751841, 10758400, 10764961, 10771524, 10778089, 10784656, 10791225, 10797796, 10804369, 10810944, 10817521, 10824100, 10830681, 10837264, 10843849, 10850436, 10857025, 10863616, 10870209, 10876804, 10883401, 10890000, 10896601, 10903204, 10909809, 10916416, 10923025, 10929636, 10936249, 10942864, 10949481, 10956100, 10962721, 10969344, 10975969, 10982596, 10989225, 10995856, 11002489, 11009124, 11015761, 11022400, 11029041, 11035684, 11042329, 11048976, 11055625, 11062276, 11068929, 11075584, 11082241, 11088900, 11095561, 11102224, 11108889, 11115556, 11122225, 11128896, 11135569, 11142244, 11148921, 11155600, 11162281, 11168964, 11175649, 11182336, 11189025, 11195716, 11202409, 11209104, 11215801, 11222500, 11229201, 11235904, 11242609, 11249316, 11256025, 11262736, 11269449, 11276164, 11282881, 11289600, 11296321, 11303044, 11309769, 11316496, 11323225, 11329956, 11336689, 11343424, 11350161, 11356900, 11363641, 11370384, 11377129, 11383876, 11390625, 11397376, 11404129, 11410884, 11417641, 11424400, 11431161, 11437924, 11444689, 11451456, 11458225, 11464996, 11471769, 11478544, 11485321, 11492100, 11498881, 11505664, 11512449, 11519236, 11526025, 11532816, 11539609, 11546404, 11553201, 11560000, 11566801, 11573604, 11580409, 11587216, 11594025, 11600836, 11607649, 11614464, 11621281, 11628100, 11634921, 11641744, 11648569, 11655396, 11662225, 11669056, 11675889, 11682724, 11689561, 11696400, 11703241, 11710084, 11716929, 11723776, 11730625, 11737476, 11744329, 11751184, 11758041, 11764900, 11771761, 11778624, 11785489, 11792356, 11799225, 11806096, 11812969, 11819844, 11826721, 11833600, 11840481, 11847364, 11854249, 11861136, 11868025, 11874916, 11881809, 11888704, 11895601, 11902500, 11909401, 11916304, 11923209, 11930116, 11937025, 11943936, 11950849, 11957764, 11964681, 11971600, 11978521, 11985444, 11992369, 11999296, 12006225, 12013156, 12020089, 12027024, 12033961, 12040900, 12047841, 12054784, 12061729, 12068676, 12075625, 12082576, 12089529, 12096484, 12103441, 12110400, 12117361, 12124324, 12131289, 12138256, 12145225, 12152196, 12159169, 12166144, 12173121, 12180100, 12187081, 12194064, 12201049, 12208036, 12215025, 12222016, 12229009, 12236004, 12243001, 12250000, 12257001, 12264004, 12271009, 12278016, 12285025, 12292036, 12299049, 12306064, 12313081, 12320100, 12327121, 12334144, 12341169, 12348196, 12355225, 12362256, 12369289, 12376324, 12383361, 12390400, 12397441, 12404484, 12411529, 12418576, 12425625, 12432676, 12439729, 12446784, 12453841, 12460900, 12467961, 12475024, 12482089, 12489156, 12496225, 12503296, 12510369, 12517444, 12524521, 12531600, 12538681, 12545764, 12552849, 12559936, 12567025, 12574116, 12581209, 12588304, 12595401, 12602500, 12609601, 12616704, 12623809, 12630916, 12638025, 12645136, 12652249, 12659364, 12666481, 12673600, 12680721, 12687844, 12694969, 12702096, 12709225, 12716356, 12723489, 12730624, 12737761, 12744900, 12752041, 12759184, 12766329, 12773476, 12780625, 12787776, 12794929, 12802084, 12809241, 12816400, 12823561, 12830724, 12837889, 12845056, 12852225, 12859396, 12866569, 12873744, 12880921, 12888100, 12895281, 12902464, 12909649, 12916836, 12924025, 12931216, 12938409, 12945604, 12952801, 12960000, 12967201, 12974404, 12981609, 12988816, 12996025, 13003236, 13010449, 13017664, 13024881, 13032100, 13039321, 13046544, 13053769, 13060996, 13068225, 13075456, 13082689, 13089924, 13097161, 13104400, 13111641, 13118884, 13126129, 13133376, 13140625, 13147876, 13155129, 13162384, 13169641, 13176900, 13184161, 13191424, 13198689, 13205956, 13213225, 13220496, 13227769, 13235044, 13242321, 13249600, 13256881, 13264164, 13271449, 13278736, 13286025, 13293316, 13300609, 13307904, 13315201, 13322500, 13329801, 13337104, 13344409, 13351716, 13359025, 13366336, 13373649, 13380964, 13388281, 13395600, 13402921, 13410244, 13417569, 13424896, 13432225, 13439556, 13446889, 13454224, 13461561, 13468900, 13476241, 13483584, 13490929, 13498276, 13505625, 13512976, 13520329, 13527684, 13535041, 13542400, 13549761, 13557124, 13564489, 13571856, 13579225, 13586596, 13593969, 13601344, 13608721, 13616100, 13623481, 13630864, 13638249, 13645636, 13653025, 13660416, 13667809, 13675204, 13682601, 13690000, 13697401, 13704804, 13712209, 13719616, 13727025, 13734436, 13741849, 13749264, 13756681, 13764100, 13771521, 13778944, 13786369, 13793796, 13801225, 13808656, 13816089, 13823524, 13830961, 13838400, 13845841, 13853284, 13860729, 13868176, 13875625, 13883076, 13890529, 13897984, 13905441, 13912900, 13920361, 13927824, 13935289, 13942756, 13950225, 13957696, 13965169, 13972644, 13980121, 13987600, 13995081, 14002564, 14010049, 14017536, 14025025, 14032516, 14040009, 14047504, 14055001, 14062500, 14070001, 14077504, 14085009, 14092516, 14100025, 14107536, 14115049, 14122564, 14130081, 14137600, 14145121, 14152644, 14160169, 14167696, 14175225, 14182756, 14190289, 14197824, 14205361, 14212900, 14220441, 14227984, 14235529, 14243076, 14250625, 14258176, 14265729, 14273284, 14280841, 14288400, 14295961, 14303524, 14311089, 14318656, 14326225, 14333796, 14341369, 14348944, 14356521, 14364100, 14371681, 14379264, 14386849, 14394436, 14402025, 14409616, 14417209, 14424804, 14432401, 14440000, 14447601, 14455204, 14462809, 14470416, 14478025, 14485636, 14493249, 14500864, 14508481, 14516100, 14523721, 14531344, 14538969, 14546596, 14554225, 14561856, 14569489, 14577124, 14584761, 14592400, 14600041, 14607684, 14615329, 14622976, 14630625, 14638276, 14645929, 14653584, 14661241, 14668900, 14676561, 14684224, 14691889, 14699556, 14707225, 14714896, 14722569, 14730244, 14737921, 14745600, 14753281, 14760964, 14768649, 14776336, 14784025, 14791716, 14799409, 14807104, 14814801, 14822500, 14830201, 14837904, 14845609, 14853316, 14861025, 14868736, 14876449, 14884164, 14891881, 14899600, 14907321, 14915044, 14922769, 14930496, 14938225, 14945956, 14953689, 14961424, 14969161, 14976900, 14984641, 14992384, 15000129, 15007876, 15015625, 15023376, 15031129, 15038884, 15046641, 15054400, 15062161, 15069924, 15077689, 15085456, 15093225, 15100996, 15108769, 15116544, 15124321, 15132100, 15139881, 15147664, 15155449, 15163236, 15171025, 15178816, 15186609, 15194404, 15202201, 15210000, 15217801, 15225604, 15233409, 15241216, 15249025, 15256836, 15264649, 15272464, 15280281, 15288100, 15295921, 15303744, 15311569, 15319396, 15327225, 15335056, 15342889, 15350724, 15358561, 15366400, 15374241, 15382084, 15389929, 15397776, 15405625, 15413476, 15421329, 15429184, 15437041, 15444900, 15452761, 15460624, 15468489, 15476356, 15484225, 15492096, 15499969, 15507844, 15515721, 15523600, 15531481, 15539364, 15547249, 15555136, 15563025, 15570916, 15578809, 15586704, 15594601, 15602500, 15610401, 15618304, 15626209, 15634116, 15642025, 15649936, 15657849, 15665764, 15673681, 15681600, 15689521, 15697444, 15705369, 15713296, 15721225, 15729156, 15737089, 15745024, 15752961, 15760900, 15768841, 15776784, 15784729, 15792676, 15800625, 15808576, 15816529, 15824484, 15832441, 15840400, 15848361, 15856324, 15864289, 15872256, 15880225, 15888196, 15896169, 15904144, 15912121, 15920100, 15928081, 15936064, 15944049, 15952036, 15960025, 15968016, 15976009, 15984004, 15992001, 16000000, 16008001, 16016004, 16024009, 16032016, 16040025, 16048036, 16056049, 16064064, 16072081, 16080100, 16088121, 16096144, 16104169, 16112196, 16120225, 16128256, 16136289, 16144324, 16152361, 16160400, 16168441, 16176484, 16184529, 16192576, 16200625, 16208676, 16216729, 16224784, 16232841, 16240900, 16248961, 16257024, 16265089, 16273156, 16281225, 16289296, 16297369, 16305444, 16313521, 16321600, 16329681, 16337764, 16345849, 16353936, 16362025, 16370116, 16378209, 16386304, 16394401, 16402500, 16410601, 16418704, 16426809, 16434916, 16443025, 16451136, 16459249, 16467364, 16475481, 16483600, 16491721, 16499844, 16507969, 16516096, 16524225, 16532356, 16540489, 16548624, 16556761, 16564900, 16573041, 16581184, 16589329, 16597476, 16605625, 16613776, 16621929, 16630084, 16638241, 16646400, 16654561, 16662724, 16670889, 16679056, 16687225, 16695396, 16703569, 16711744, 16719921, 16728100, 16736281, 16744464, 16752649, 16760836, 16769025, 16777216, 16785409, 16793604, 16801801, 16810000, 16818201, 16826404, 16834609, 16842816, 16851025, 16859236, 16867449, 16875664, 16883881, 16892100, 16900321, 16908544, 16916769, 16924996, 16933225, 16941456, 16949689, 16957924, 16966161, 16974400, 16982641, 16990884, 16999129, 17007376, 17015625, 17023876, 17032129, 17040384, 17048641, 17056900, 17065161, 17073424, 17081689, 17089956, 17098225, 17106496, 17114769, 17123044, 17131321, 17139600, 17147881, 17156164, 17164449, 17172736, 17181025, 17189316, 17197609, 17205904, 17214201, 17222500, 17230801, 17239104, 17247409, 17255716, 17264025, 17272336, 17280649, 17288964, 17297281, 17305600, 17313921, 17322244, 17330569, 17338896, 17347225, 17355556, 17363889, 17372224, 17380561, 17388900, 17397241, 17405584, 17413929, 17422276, 17430625, 17438976, 17447329, 17455684, 17464041, 17472400, 17480761, 17489124, 17497489, 17505856, 17514225, 17522596, 17530969, 17539344, 17547721, 17556100, 17564481, 17572864, 17581249, 17589636, 17598025, 17606416, 17614809, 17623204, 17631601, 17640000, 17648401, 17656804, 17665209, 17673616, 17682025, 17690436, 17698849, 17707264, 17715681, 17724100, 17732521, 17740944, 17749369, 17757796, 17766225, 17774656, 17783089, 17791524, 17799961, 17808400, 17816841, 17825284, 17833729, 17842176, 17850625, 17859076, 17867529, 17875984, 17884441, 17892900, 17901361, 17909824, 17918289, 17926756, 17935225, 17943696, 17952169, 17960644, 17969121, 17977600, 17986081, 17994564, 18003049, 18011536, 18020025, 18028516, 18037009, 18045504, 18054001, 18062500, 18071001, 18079504, 18088009, 18096516, 18105025, 18113536, 18122049, 18130564, 18139081, 18147600, 18156121, 18164644, 18173169, 18181696, 18190225, 18198756, 18207289, 18215824, 18224361, 18232900, 18241441, 18249984, 18258529, 18267076, 18275625, 18284176, 18292729, 18301284, 18309841, 18318400, 18326961, 18335524, 18344089, 18352656, 18361225, 18369796, 18378369, 18386944, 18395521, 18404100, 18412681, 18421264, 18429849, 18438436, 18447025, 18455616, 18464209, 18472804, 18481401, 18490000, 18498601, 18507204, 18515809, 18524416, 18533025, 18541636, 18550249, 18558864, 18567481, 18576100, 18584721, 18593344, 18601969, 18610596, 18619225, 18627856, 18636489, 18645124, 18653761, 18662400, 18671041, 18679684, 18688329, 18696976, 18705625, 18714276, 18722929, 18731584, 18740241, 18748900, 18757561, 18766224, 18774889, 18783556, 18792225, 18800896, 18809569, 18818244, 18826921, 18835600, 18844281, 18852964, 18861649, 18870336, 18879025, 18887716, 18896409, 18905104, 18913801, 18922500, 18931201, 18939904, 18948609, 18957316, 18966025, 18974736, 18983449, 18992164, 19000881, 19009600, 19018321, 19027044, 19035769, 19044496, 19053225, 19061956, 19070689, 19079424, 19088161, 19096900, 19105641, 19114384, 19123129, 19131876, 19140625, 19149376, 19158129, 19166884, 19175641, 19184400, 19193161, 19201924, 19210689, 19219456, 19228225, 19236996, 19245769, 19254544, 19263321, 19272100, 19280881, 19289664, 19298449, 19307236, 19316025, 19324816, 19333609, 19342404, 19351201, 19360000, 19368801, 19377604, 19386409, 19395216, 19404025, 19412836, 19421649, 19430464, 19439281, 19448100, 19456921, 19465744, 19474569, 19483396, 19492225, 19501056, 19509889, 19518724, 19527561, 19536400, 19545241, 19554084, 19562929, 19571776, 19580625, 19589476, 19598329, 19607184, 19616041, 19624900, 19633761, 19642624, 19651489, 19660356, 19669225, 19678096, 19686969, 19695844, 19704721, 19713600, 19722481, 19731364, 19740249, 19749136, 19758025, 19766916, 19775809, 19784704, 19793601, 19802500, 19811401, 19820304, 19829209, 19838116, 19847025, 19855936, 19864849, 19873764, 19882681, 19891600, 19900521, 19909444, 19918369, 19927296, 19936225, 19945156, 19954089, 19963024, 19971961, 19980900, 19989841, 19998784, 20007729, 20016676, 20025625, 20034576, 20043529, 20052484, 20061441, 20070400, 20079361, 20088324, 20097289, 20106256, 20115225, 20124196, 20133169, 20142144, 20151121, 20160100, 20169081, 20178064, 20187049, 20196036, 20205025, 20214016, 20223009, 20232004, 20241001, 20250000, 20259001, 20268004, 20277009, 20286016, 20295025, 20304036, 20313049, 20322064, 20331081, 20340100, 20349121, 20358144, 20367169, 20376196, 20385225, 20394256, 20403289, 20412324, 20421361, 20430400, 20439441, 20448484, 20457529, 20466576, 20475625, 20484676, 20493729, 20502784, 20511841, 20520900, 20529961, 20539024, 20548089, 20557156, 20566225, 20575296, 20584369, 20593444, 20602521, 20611600, 20620681, 20629764, 20638849, 20647936, 20657025, 20666116, 20675209, 20684304, 20693401, 20702500, 20711601, 20720704, 20729809, 20738916, 20748025, 20757136, 20766249, 20775364, 20784481, 20793600, 20802721, 20811844, 20820969, 20830096, 20839225, 20848356, 20857489, 20866624, 20875761, 20884900, 20894041, 20903184, 20912329, 20921476, 20930625, 20939776, 20948929, 20958084, 20967241, 20976400, 20985561, 20994724, 21003889, 21013056, 21022225, 21031396, 21040569, 21049744, 21058921, 21068100, 21077281, 21086464, 21095649, 21104836, 21114025, 21123216, 21132409, 21141604, 21150801, 21160000, 21169201, 21178404, 21187609, 21196816, 21206025, 21215236, 21224449, 21233664, 21242881, 21252100, 21261321, 21270544, 21279769, 21288996, 21298225, 21307456, 21316689, 21325924, 21335161, 21344400, 21353641, 21362884, 21372129, 21381376, 21390625, 21399876, 21409129, 21418384, 21427641, 21436900, 21446161, 21455424, 21464689, 21473956, 21483225, 21492496, 21501769, 21511044, 21520321, 21529600, 21538881, 21548164, 21557449, 21566736, 21576025, 21585316, 21594609, 21603904, 21613201, 21622500, 21631801, 21641104, 21650409, 21659716, 21669025, 21678336, 21687649, 21696964, 21706281, 21715600, 21724921, 21734244, 21743569, 21752896, 21762225, 21771556, 21780889, 21790224, 21799561, 21808900, 21818241, 21827584, 21836929, 21846276, 21855625, 21864976, 21874329, 21883684, 21893041, 21902400, 21911761, 21921124, 21930489, 21939856, 21949225, 21958596, 21967969, 21977344, 21986721, 21996100, 22005481, 22014864, 22024249, 22033636, 22043025, 22052416, 22061809, 22071204, 22080601, 22090000, 22099401, 22108804, 22118209, 22127616, 22137025, 22146436, 22155849, 22165264, 22174681, 22184100, 22193521, 22202944, 22212369, 22221796, 22231225, 22240656, 22250089, 22259524, 22268961, 22278400, 22287841, 22297284, 22306729, 22316176, 22325625, 22335076, 22344529, 22353984, 22363441, 22372900, 22382361, 22391824, 22401289, 22410756, 22420225, 22429696, 22439169, 22448644, 22458121, 22467600, 22477081, 22486564, 22496049, 22505536, 22515025, 22524516, 22534009, 22543504, 22553001, 22562500, 22572001, 22581504, 22591009, 22600516, 22610025, 22619536, 22629049, 22638564, 22648081, 22657600, 22667121, 22676644, 22686169, 22695696, 22705225, 22714756, 22724289, 22733824, 22743361, 22752900, 22762441, 22771984, 22781529, 22791076, 22800625, 22810176, 22819729, 22829284, 22838841, 22848400, 22857961, 22867524, 22877089, 22886656, 22896225, 22905796, 22915369, 22924944, 22934521, 22944100, 22953681, 22963264, 22972849, 22982436, 22992025, 23001616, 23011209, 23020804, 23030401, 23040000, 23049601, 23059204, 23068809, 23078416, 23088025, 23097636, 23107249, 23116864, 23126481, 23136100, 23145721, 23155344, 23164969, 23174596, 23184225, 23193856, 23203489, 23213124, 23222761, 23232400, 23242041, 23251684, 23261329, 23270976, 23280625, 23290276, 23299929, 23309584, 23319241, 23328900, 23338561, 23348224, 23357889, 23367556, 23377225, 23386896, 23396569, 23406244, 23415921, 23425600, 23435281, 23444964, 23454649, 23464336, 23474025, 23483716, 23493409, 23503104, 23512801, 23522500, 23532201, 23541904, 23551609, 23561316, 23571025, 23580736, 23590449, 23600164, 23609881, 23619600, 23629321, 23639044, 23648769, 23658496, 23668225, 23677956, 23687689, 23697424, 23707161, 23716900, 23726641, 23736384, 23746129, 23755876, 23765625, 23775376, 23785129, 23794884, 23804641, 23814400, 23824161, 23833924, 23843689, 23853456, 23863225, 23872996, 23882769, 23892544, 23902321, 23912100, 23921881, 23931664, 23941449, 23951236, 23961025, 23970816, 23980609, 23990404, 24000201, 24010000, 24019801, 24029604, 24039409, 24049216, 24059025, 24068836, 24078649, 24088464, 24098281, 24108100, 24117921, 24127744, 24137569, 24147396, 24157225, 24167056, 24176889, 24186724, 24196561, 24206400, 24216241, 24226084, 24235929, 24245776, 24255625, 24265476, 24275329, 24285184, 24295041, 24304900, 24314761, 24324624, 24334489, 24344356, 24354225, 24364096, 24373969, 24383844, 24393721, 24403600, 24413481, 24423364, 24433249, 24443136, 24453025, 24462916, 24472809, 24482704, 24492601, 24502500, 24512401, 24522304, 24532209, 24542116, 24552025, 24561936, 24571849, 24581764, 24591681, 24601600, 24611521, 24621444, 24631369, 24641296, 24651225, 24661156, 24671089, 24681024, 24690961, 24700900, 24710841, 24720784, 24730729, 24740676, 24750625, 24760576, 24770529, 24780484, 24790441, 24800400, 24810361, 24820324, 24830289, 24840256, 24850225, 24860196, 24870169, 24880144, 24890121, 24900100, 24910081, 24920064, 24930049, 24940036, 24950025, 24960016, 24970009, 24980004, 24990001, 25000000, 25010001, 25020004, 25030009, 25040016, 25050025, 25060036, 25070049, 25080064, 25090081, 25100100, 25110121, 25120144, 25130169, 25140196, 25150225, 25160256, 25170289, 25180324, 25190361, 25200400, 25210441, 25220484, 25230529, 25240576, 25250625, 25260676, 25270729, 25280784, 25290841, 25300900, 25310961, 25321024, 25331089, 25341156, 25351225, 25361296, 25371369, 25381444, 25391521, 25401600, 25411681, 25421764, 25431849, 25441936, 25452025, 25462116, 25472209, 25482304, 25492401, 25502500, 25512601, 25522704, 25532809, 25542916, 25553025, 25563136, 25573249, 25583364, 25593481, 25603600, 25613721, 25623844, 25633969, 25644096, 25654225, 25664356, 25674489, 25684624, 25694761, 25704900, 25715041, 25725184, 25735329, 25745476, 25755625, 25765776, 25775929, 25786084, 25796241, 25806400, 25816561, 25826724, 25836889, 25847056, 25857225, 25867396, 25877569, 25887744, 25897921, 25908100, 25918281, 25928464, 25938649, 25948836, 25959025, 25969216, 25979409, 25989604, 25999801, 26010000, 26020201, 26030404, 26040609, 26050816, 26061025, 26071236, 26081449, 26091664, 26101881, 26112100, 26122321, 26132544, 26142769, 26152996, 26163225, 26173456, 26183689, 26193924, 26204161, 26214400, 26224641, 26234884, 26245129, 26255376, 26265625, 26275876, 26286129, 26296384, 26306641, 26316900, 26327161, 26337424, 26347689, 26357956, 26368225, 26378496, 26388769, 26399044, 26409321, 26419600, 26429881, 26440164, 26450449, 26460736, 26471025, 26481316, 26491609, 26501904, 26512201, 26522500, 26532801, 26543104, 26553409, 26563716, 26574025, 26584336, 26594649, 26604964, 26615281, 26625600, 26635921, 26646244, 26656569, 26666896, 26677225, 26687556, 26697889, 26708224, 26718561, 26728900, 26739241, 26749584, 26759929, 26770276, 26780625, 26790976, 26801329, 26811684, 26822041, 26832400, 26842761, 26853124, 26863489, 26873856, 26884225, 26894596, 26904969, 26915344, 26925721, 26936100, 26946481, 26956864, 26967249, 26977636, 26988025, 26998416, 27008809, 27019204, 27029601, 27040000, 27050401, 27060804, 27071209, 27081616, 27092025, 27102436, 27112849, 27123264, 27133681, 27144100, 27154521, 27164944, 27175369, 27185796, 27196225, 27206656, 27217089, 27227524, 27237961, 27248400, 27258841, 27269284, 27279729, 27290176, 27300625, 27311076, 27321529, 27331984, 27342441, 27352900, 27363361, 27373824, 27384289, 27394756, 27405225, 27415696, 27426169, 27436644, 27447121, 27457600, 27468081, 27478564, 27489049, 27499536, 27510025, 27520516, 27531009, 27541504, 27552001, 27562500, 27573001, 27583504, 27594009, 27604516, 27615025, 27625536, 27636049, 27646564, 27657081, 27667600, 27678121, 27688644, 27699169, 27709696, 27720225, 27730756, 27741289, 27751824, 27762361, 27772900, 27783441, 27793984, 27804529, 27815076, 27825625, 27836176, 27846729, 27857284, 27867841, 27878400, 27888961, 27899524, 27910089, 27920656, 27931225, 27941796, 27952369, 27962944, 27973521, 27984100, 27994681, 28005264, 28015849, 28026436, 28037025, 28047616, 28058209, 28068804, 28079401, 28090000, 28100601, 28111204, 28121809, 28132416, 28143025, 28153636, 28164249, 28174864, 28185481, 28196100, 28206721, 28217344, 28227969, 28238596, 28249225, 28259856, 28270489, 28281124, 28291761, 28302400, 28313041, 28323684, 28334329, 28344976, 28355625, 28366276, 28376929, 28387584, 28398241, 28408900, 28419561, 28430224, 28440889, 28451556, 28462225, 28472896, 28483569, 28494244, 28504921, 28515600, 28526281, 28536964, 28547649, 28558336, 28569025, 28579716, 28590409, 28601104, 28611801, 28622500, 28633201, 28643904, 28654609, 28665316, 28676025, 28686736, 28697449, 28708164, 28718881, 28729600, 28740321, 28751044, 28761769, 28772496, 28783225, 28793956, 28804689, 28815424, 28826161, 28836900, 28847641, 28858384, 28869129, 28879876, 28890625, 28901376, 28912129, 28922884, 28933641, 28944400, 28955161, 28965924, 28976689, 28987456, 28998225, 29008996, 29019769, 29030544, 29041321, 29052100, 29062881, 29073664, 29084449, 29095236, 29106025, 29116816, 29127609, 29138404, 29149201, 29160000, 29170801, 29181604, 29192409, 29203216, 29214025, 29224836, 29235649, 29246464, 29257281, 29268100, 29278921, 29289744, 29300569, 29311396, 29322225, 29333056, 29343889, 29354724, 29365561, 29376400, 29387241, 29398084, 29408929, 29419776, 29430625, 29441476, 29452329, 29463184, 29474041, 29484900, 29495761, 29506624, 29517489, 29528356, 29539225, 29550096, 29560969, 29571844, 29582721, 29593600, 29604481, 29615364, 29626249, 29637136, 29648025, 29658916, 29669809, 29680704, 29691601, 29702500, 29713401, 29724304, 29735209, 29746116, 29757025, 29767936, 29778849, 29789764, 29800681, 29811600, 29822521, 29833444, 29844369, 29855296, 29866225, 29877156, 29888089, 29899024, 29909961, 29920900, 29931841, 29942784, 29953729, 29964676, 29975625, 29986576, 29997529, 30008484, 30019441, 30030400, 30041361, 30052324, 30063289, 30074256, 30085225, 30096196, 30107169, 30118144, 30129121, 30140100, 30151081, 30162064, 30173049, 30184036, 30195025, 30206016, 30217009, 30228004, 30239001, 30250000, 30261001, 30272004, 30283009, 30294016, 30305025, 30316036, 30327049, 30338064, 30349081, 30360100, 30371121, 30382144, 30393169, 30404196, 30415225, 30426256, 30437289, 30448324, 30459361, 30470400, 30481441, 30492484, 30503529, 30514576, 30525625, 30536676, 30547729, 30558784, 30569841, 30580900, 30591961, 30603024, 30614089, 30625156, 30636225, 30647296, 30658369, 30669444, 30680521, 30691600, 30702681, 30713764, 30724849, 30735936, 30747025, 30758116, 30769209, 30780304, 30791401, 30802500, 30813601, 30824704, 30835809, 30846916, 30858025, 30869136, 30880249, 30891364, 30902481, 30913600, 30924721, 30935844, 30946969, 30958096, 30969225, 30980356, 30991489, 31002624, 31013761, 31024900, 31036041, 31047184, 31058329, 31069476, 31080625, 31091776, 31102929, 31114084, 31125241, 31136400, 31147561, 31158724, 31169889, 31181056, 31192225, 31203396, 31214569, 31225744, 31236921, 31248100, 31259281, 31270464, 31281649, 31292836, 31304025, 31315216, 31326409, 31337604, 31348801, 31360000, 31371201, 31382404, 31393609, 31404816, 31416025, 31427236, 31438449, 31449664, 31460881, 31472100, 31483321, 31494544, 31505769, 31516996, 31528225, 31539456, 31550689, 31561924, 31573161, 31584400, 31595641, 31606884, 31618129, 31629376, 31640625, 31651876, 31663129, 31674384, 31685641, 31696900, 31708161, 31719424, 31730689, 31741956, 31753225, 31764496, 31775769, 31787044, 31798321, 31809600, 31820881, 31832164, 31843449, 31854736, 31866025, 31877316, 31888609, 31899904, 31911201, 31922500, 31933801, 31945104, 31956409, 31967716, 31979025, 31990336, 32001649, 32012964, 32024281, 32035600, 32046921, 32058244, 32069569, 32080896, 32092225, 32103556, 32114889, 32126224, 32137561, 32148900, 32160241, 32171584, 32182929, 32194276, 32205625, 32216976, 32228329, 32239684, 32251041, 32262400, 32273761, 32285124, 32296489, 32307856, 32319225, 32330596, 32341969, 32353344, 32364721, 32376100, 32387481, 32398864, 32410249, 32421636, 32433025, 32444416, 32455809, 32467204, 32478601, 32490000, 32501401, 32512804, 32524209, 32535616, 32547025, 32558436, 32569849, 32581264, 32592681, 32604100, 32615521, 32626944, 32638369, 32649796, 32661225, 32672656, 32684089, 32695524, 32706961, 32718400, 32729841, 32741284, 32752729, 32764176, 32775625, 32787076, 32798529, 32809984, 32821441, 32832900, 32844361, 32855824, 32867289, 32878756, 32890225, 32901696, 32913169, 32924644, 32936121, 32947600, 32959081, 32970564, 32982049, 32993536, 33005025, 33016516, 33028009, 33039504, 33051001, 33062500]
[0, 100, 400, 900, 1024, 1089, 1600, 2025, 2209, 2304, 2401, 2500, 2601, 2704, 2809, 3025, 3600, 4096, 4900, 5041, 6084, 6400, 7056, 8100, 9025, 9409, 9604, 9801, 10000, 10201, 10404, 10609, 10816, 11025, 12100, 14400, 16900, 19044, 19600, 20164, 20449, 20736, 21025, 21609, 21904, 22201, 22500, 22801, 23104, 23409, 24025, 25600, 28900, 30276, 30625, 30976, 32041, 32400, 36100, 38025, 38809, 39204, 39601, 40000, 40401, 40804, 41209, 42025, 44100, 47089, 48400, 50176, 50625, 51076, 52900, 57600, 58081, 59049, 60025, 60516, 61009, 61504, 62001, 62500, 63001, 63504, 64009, 65025, 66049, 67081, 67600, 70225, 70756, 72900, 75076, 78400, 80089, 80656, 84100, 87025, 88209, 88804, 89401, 90000, 90601, 91204, 91809, 93025, 96100, 100489, 101124, 101761, 102400, 103041, 103684, 104329, 104976, 105625, 106276, 106929, 107584, 108241, 108900, 109561, 110224, 110889, 115600, 119025, 120409, 121104, 121801, 122500, 123201, 123904, 124609, 126025, 129600, 130321, 131044, 136900, 140625, 144400, 150544, 152100, 156025, 157609, 158404, 159201, 160000, 160801, 161604, 162409, 164025, 168100, 170569, 173056, 176400, 178084, 180625, 184041, 184900, 190096, 190969, 193600, 198025, 199809, 200704, 201601, 202500, 203401, 204304, 205209, 206116, 207025, 207936, 208849, 209764, 210681, 211600, 218089, 219024, 220900, 230400, 240100, 241081, 242064, 243049, 244036, 245025, 246016, 247009, 248004, 249001, 250000, 251001, 252004, 253009, 254016, 255025, 256036, 257049, 258064, 259081, 260100, 270400, 280900, 283024, 284089, 290521, 291600, 297025, 299209, 300304, 301401, 302500, 303601, 304704, 305809, 306916, 308025, 309136, 310249, 313600, 318096, 320356, 324900, 326041, 330625, 334084, 336400, 341056, 348100, 350464, 354025, 356409, 357604, 358801, 360000, 361201, 362404, 363609, 366025, 370881, 372100, 380689, 384400, 390625, 396900, 400689, 401956, 403225, 404496, 405769, 407044, 408321, 409600, 410881, 416025, 418609, 419904, 421201, 422500, 423801, 425104, 426409, 429025, 430336, 435600, 440896, 448900, 450241, 461041, 462400, 470596, 476100, 480249, 483025, 485809, 487204, 488601, 490000, 491401, 492804, 494209, 497025, 501264, 502681, 504100, 505521, 506944, 508369, 509796, 514089, 518400, 527076, 532900, 540225, 547600, 549081, 550564, 552049, 555025, 558009, 559504, 561001, 562500, 564001, 565504, 567009, 570025, 573049, 576081, 577600, 580644, 592900, 599076, 600625, 602176, 603729, 605284, 606841, 608400, 609961, 613089, 620944, 624100, 630436, 632025, 635209, 636804, 638401, 640000, 641601, 643204, 644809, 648025, 656100, 660969, 670761, 672400, 674041, 680625, 688900, 690561, 700569, 702244, 703921, 705600, 707281, 708964, 710649, 714025, 717409, 719104, 720801, 722500, 724201, 725904, 727609, 731025, 739600, 743044, 756900, 760384, 770884, 774400, 790321, 792100, 801025, 802816, 804609, 806404, 808201, 810000, 811801, 813604, 815409, 819025, 820836, 828100, 839056, 840889, 846400, 850084, 863041, 864900, 870489, 876096, 883600, 893025, 896809, 898704, 900601, 902500, 904401, 906304, 908209, 910116, 912025, 921600, 935089, 937024, 940900, 950625, 960400, 970225, 980100, 982081, 984064, 986049, 988036, 990025, 992016, 994009, 996004, 998001, 1000000, 1002001, 1004004, 1006009, 1008016, 1010025, 1012036, 1014049, 1016064, 1018081, 1020100, 1022121, 1024144, 1026169, 1028196, 1030225, 1032256, 1034289, 1036324, 1038361, 1040400, 1042441, 1044484, 1046529, 1048576, 1050625, 1052676, 1054729, 1056784, 1058841, 1060900, 1062961, 1065024, 1067089, 1069156, 1071225, 1073296, 1075369, 1077444, 1079521, 1081600, 1083681, 1085764, 1087849, 1089936, 1092025, 1094116, 1096209, 1098304, 1100401, 1102500, 1104601, 1106704, 1108809, 1110916, 1113025, 1123600, 1132096, 1140624, 1144900, 1147041, 1162084, 1166400, 1170724, 1175056, 1188100, 1190281, 1199025, 1201216, 1203409, 1205604, 1207801, 1210000, 1212201, 1214404, 1216609, 1221025, 1232100, 1240996, 1254400, 1270129, 1276900, 1290496, 1295044, 1299600, 1301881, 1304164, 1306449, 1308736, 1311025, 1315609, 1317904, 1320201, 1322500, 1324801, 1327104, 1329409, 1334025, 1340964, 1345600, 1350244, 1368900, 1380625, 1390041, 1392400, 1401856, 1404225, 1406596, 1408969, 1416100, 1420864, 1428025, 1430416, 1432809, 1435204, 1437601, 1440000, 1442401, 1444804, 1447209, 1452025, 1464100, 1481089, 1488400, 1490841, 1500625, 1503076, 1505529, 1507984, 1510441, 1512900, 1520289, 1530169, 1537600, 1540081, 1545049, 1550025, 1555009, 1557504, 1560001, 1562500, 1565001, 1567504, 1570009, 1575025, 1580049, 1585081, 1587600, 1590121, 1600225, 1602756, 1605289, 1607824, 1610361, 1612900, 1620529, 1623076, 1630729, 1638400, 1640961, 1646089, 1664100, 1677025, 1682209, 1684804, 1687401, 1690000, 1692601, 1695204, 1697809, 1700416, 1703025, 1705636, 1708249, 1710864, 1716100, 1742400, 1745041, 1750329, 1760929, 1768900, 1790244, 1795600, 1800964, 1803649, 1806336, 1809025, 1814409, 1817104, 1819801, 1822500, 1825201, 1827904, 1830609, 1836025, 1849600, 1855044, 1860496, 1876900, 1890625, 1901641, 1904400, 1907161, 1909924, 1920996, 1932100, 1940449, 1946025, 1951609, 1954404, 1957201, 1960000, 1962801, 1965604, 1968409, 1974025, 1988100, 1990921, 2002225, 2005056, 2007889, 2010724, 2013561, 2016400, 2019241, 2022084, 2024929, 2027776, 2030625, 2033476, 2036329, 2039184, 2042041, 2044900, 2047761, 2050624, 2053489, 2056356, 2059225, 2062096, 2064969, 2067844, 2070721, 2073600, 2076481, 2079364, 2082249, 2085136, 2088025, 2090916, 2093809, 2096704, 2099601, 2102500, 2105401, 2108304, 2111209, 2117025, 2131600, 2140369, 2152089, 2155024, 2160900, 2190400, 2202256, 2205225, 2208196, 2220100, 2223081, 2226064, 2229049, 2232036, 2235025, 2238016, 2241009, 2244004, 2247001, 2250000, 2253001, 2256004, 2259009, 2262016, 2265025, 2268036, 2271049, 2274064, 2277081, 2280100, 2301289, 2304324, 2307361, 2310400, 2340900, 2347024, 2350089, 2371600, 2380849, 2387025, 2390116, 2393209, 2396304, 2399401, 2402500, 2405601, 2408704, 2411809, 2418025, 2430481, 2433600, 2446096, 2464900, 2468041, 2480625, 2490084, 2496400, 2502724, 2505889, 2509056, 2528100, 2540836, 2544025, 2550409, 2553604, 2556801, 2560000, 2563201, 2566404, 2569609, 2576025, 2592100, 2601769, 2604996, 2608225, 2624400, 2630884, 2640625, 2650384, 2656900, 2660161, 2683044, 2689600, 2702736, 2706025, 2709316, 2712609, 2715904, 2719201, 2722500, 2725801, 2729104, 2732409, 2739025, 2755600, 2788900, 2802276, 2805625, 2808976, 2819041, 2822400, 2856100, 2873025, 2879809, 2883204, 2886601, 2890000, 2893401, 2896804, 2900209, 2903616, 2907025, 2910436, 2920681, 2924100, 2930944, 2948089, 2958400, 2979076, 2992900, 3003289, 3006756, 3010225, 3013696, 3017169, 3020644, 3024121, 3027600, 3031081, 3034564, 3038049, 3041536, 3045025, 3048516, 3052009, 3055504, 3059001, 3062500, 3066001, 3069504, 3073009, 3076516, 3080025, 3083536, 3087049, 3090564, 3094081, 3097600, 3101121, 3104644, 3108169, 3132900, 3147076, 3150625, 3168400, 3179089, 3200521, 3204100, 3207681, 3222025, 3229209, 3232804, 3236401, 3240000, 3243601, 3247204, 3250809, 3258025, 3276100, 3290596, 3301489, 3305124, 3308761, 3312400, 3316041, 3330625, 3348900, 3370896, 3385600, 3400336, 3404025, 3407716, 3411409, 3415104, 3418801, 3422500, 3426201, 3429904, 3433609, 3441025, 3459600, 3467044, 3470769, 3496900, 3500641, 3504384, 3508129, 3530641, 3534400, 3560769, 3572100, 3591025, 3598609, 3602404, 3606201, 3610000, 3613801, 3617604, 3621409, 3629025, 3640464, 3648100, 3671056, 3686400, 3690241, 3694084, 3701776, 3705625, 3709476, 3721041, 3724900, 3740356, 3748096, 3763600, 3783025, 3790809, 3794704, 3798601, 3802500, 3806401, 3810304, 3814209, 3822025, 3841600, 3869089, 3873024, 3880900, 3900625, 3904576, 3908529, 3920400, 3940225, 3960100, 3964081, 3968064, 3972049, 3976036, 3980025, 3984016, 3988009, 3992004, 3996001, 4000000, 4004001, 4008004, 4012009, 4016016, 4020025, 4024036, 4028049, 4032064, 4036081, 4040100, 4044121, 4048144, 4052169, 4056196, 4060225, 4064256, 4068289, 4072324, 4076361, 4080400, 4084441, 4088484, 4092529, 4096576, 4100625, 4104676, 4108729, 4120900, 4129024, 4133089, 4161600, 4182025, 4190209, 4194304, 4198401, 4202500, 4206601, 4210704, 4214809, 4223025, 4243600, 4260096, 4280761, 4284900, 4289041, 4301476, 4305625, 4309776, 4318084, 4326400, 4330561, 4343056, 4368100, 4380649, 4389025, 4397409, 4401604, 4405801, 4410000, 4414201, 4418404, 4422609, 4431025, 4452100, 4460544, 4490161, 4494400, 4502884, 4507129, 4536900, 4571044, 4579600, 4601025, 4605316, 4609609, 4613904, 4618201, 4622500, 4626801, 4631104, 4635409, 4644025, 4665600, 4700224, 4704561, 4708900, 4730625, 4748041, 4752400, 4796100, 4800481, 4804864, 4809249, 4818025, 4826809, 4831204, 4835601, 4840000, 4844401, 4848804, 4853209, 4862025, 4870849, 4884100, 4901796, 4906225, 4910656, 4915089, 4928400, 4950625, 4955076, 4972900, 4990756, 5004169, 5008644, 5013121, 5017600, 5022081, 5026564, 5031049, 5035536, 5040025, 5044516, 5049009, 5053504, 5058001, 5062500, 5067001, 5071504, 5076009, 5080516, 5085025, 5089536, 5094049, 5098564, 5103081, 5107600, 5130225, 5152900, 5171076, 5180176, 5198400, 5202961, 5207524, 5212089, 5230369, 5244100, 5267025, 5276209, 5280804, 5285401, 5290000, 5294601, 5299204, 5303809, 5308416, 5313025, 5336100, 5340721, 5382400, 5387041, 5400976, 5405625, 5410276, 5428900, 5470921, 5475600, 5480281, 5499025, 5503716, 5508409, 5513104, 5517801, 5522500, 5527201, 5531904, 5536609, 5546025, 5550736, 5560164, 5569600, 5579044, 5602689, 5607424, 5616900, 5640625, 5650129, 5664400, 5702544, 5707321, 5712100, 5736025, 5740816, 5745609, 5750404, 5755201, 5760000, 5764801, 5769604, 5774409, 5784025, 5803281, 5808100, 5837056, 5856400, 5866084, 5870929, 5880625, 5890329, 5900041, 5904900, 5909761, 5934096, 5953600, 5978025, 5987809, 5992704, 5997601, 6002500, 6007401, 6012304, 6017209, 6022116, 6027025, 6031936, 6036849, 6041764, 6046681, 6051600, 6056521, 6061444, 6066369, 6071296, 6076225, 6081156, 6086089, 6091024, 6095961, 6100900, 6105841, 6110784, 6120676, 6130576, 6140484, 6150400, 6160324, 6170256, 6180196, 6190144, 6200100, 6205081, 6210064, 6215049, 6220036, 6225025, 6230016, 6235009, 6240004, 6245001, 6250000, 6255001, 6260004, 6265009, 6270016, 6275025, 6280036, 6285049, 6290064, 6295081, 6300100, 6305121, 6310144, 6320196, 6330256, 6340324, 6350400, 6360484, 6370576, 6380676, 6390784, 6400900, 6405961, 6411024, 6416089, 6451600, 6477025, 6487209, 6492304, 6497401, 6502500, 6507601, 6512704, 6517809, 6528025, 6553600, 6574096, 6604900, 6610041, 6620329, 6630625, 6640929, 6646084, 6656400, 6677056, 6702921, 6708100, 6734025, 6744409, 6749604, 6754801, 6760000, 6765201, 6770404, 6775609, 6780816, 6786025, 6801664, 6806881, 6812100, 6864400, 6880129, 6890625, 6901129, 6906384, 6916900, 6959044, 6969600, 6980164, 6990736, 6996025, 7001316, 7006609, 7011904, 7017201, 7022500, 7027801, 7033104, 7038409, 7043716, 7049025, 7054336, 7059649, 7064964, 7070281, 7075600, 7080921, 7086244, 7091569, 7096896, 7102225, 7107556, 7128900, 7150276, 7160976, 7177041, 7182400, 7203856, 7209225, 7230721, 7236100, 7263025, 7273809, 7279204, 7284601, 7290000, 7295401, 7300804, 7306209, 7317025, 7344100, 7360369, 7382089, 7398400, 7403841, 7409284, 7420176, 7431076, 7452900, 7480225, 7502121, 7507600, 7513081, 7524049, 7535025, 7540516, 7546009, 7551504, 7557001, 7562500, 7568001, 7573504, 7579009, 7590025, 7601049, 7606564, 7612081, 7617600, 7650756, 7672900, 7695076, 7700625, 7706176, 7728400, 7745089, 7750656, 7784100, 7800849, 7806436, 7812025, 7823209, 7828804, 7834401, 7840000, 7845601, 7851204, 7856809, 7868025, 7890481, 7896100, 7901721, 7907344, 7952400, 7958041, 7980625, 8003241, 8008900, 8014561, 8020224, 8025889, 8031556, 8037225, 8042896, 8048569, 8054244, 8059921, 8065600, 8071281, 8076964, 8082649, 8088336, 8094025, 8099716, 8105409, 8111104, 8116801, 8122500, 8128201, 8133904, 8139609, 8151025, 8179600, 8191044, 8202496, 8208225, 8236900, 8294400, 8300161, 8305924, 8340544, 8352100, 8381025, 8392609, 8398404, 8404201, 8410000, 8415801, 8421604, 8427409, 8439025, 8450649, 8468100, 8503056, 8508889, 8520561, 8526400, 8538084, 8579041, 8584900, 8590761, 8602489, 8608356, 8620096, 8643600, 8673025, 8684809, 8690704, 8696601, 8702500, 8708401, 8714304, 8720209, 8732025, 8761600, 8803089, 8809024, 8820900, 8850625, 8880400, 8904256, 8910225, 8940100, 8946081, 8952064, 8958049, 8964036, 8970025, 8976016, 8982009, 8988004, 8994001, 9000000, 9006001, 9012004, 9018009, 9024016, 9030025, 9036036, 9042049, 9048064, 9054081, 9060100, 9066121, 9072144, 9078169, 9084196, 9090225, 9096256, 9102289, 9108324, 9120400, 9150625, 9180900, 9193024, 9199089, 9205156, 9241600, 9272025, 9284209, 9290304, 9296401, 9302500, 9308601, 9314704, 9320809, 9333025, 9363600, 9388096, 9400356, 9406489, 9424900, 9431041, 9474084, 9480241, 9486400, 9504889, 9511056, 9548100, 9560464, 9579025, 9591409, 9597604, 9603801, 9610000, 9616201, 9622404, 9628609, 9641025, 9672100, 9690769, 9703225, 9709456, 9734400, 9740641, 9790641, 9796900, 9803161, 9809424, 9840769, 9847044, 9859600, 9891025, 9903609, 9909904, 9916201, 9922500, 9928801, 9935104, 9941409, 9954025, 9960336, 9985600, 10004569, 10010896, 10017225, 10023556, 10029889, 10036224, 10042561, 10048900, 10055241, 10061584, 10067929, 10074276, 10080625, 10086976, 10093329, 10099684, 10106041, 10112400, 10118761, 10125124, 10131489, 10137856, 10144225, 10150596, 10156969, 10163344, 10169721, 10176100, 10182481, 10188864, 10195249, 10201636, 10208025, 10214416, 10220809, 10227204, 10233601, 10240000, 10246401, 10252804, 10259209, 10265616, 10272025, 10278436, 10284849, 10291264, 10297681, 10304100, 10310521, 10316944, 10323369, 10329796, 10336225, 10342656, 10349089, 10355524, 10361961, 10368400, 10374841, 10381284, 10387729, 10394176, 10400625, 10407076, 10413529, 10419984, 10426441, 10432900, 10439361, 10445824, 10452289, 10458756, 10465225, 10471696, 10478169, 10484644, 10491121, 10497600, 10504081, 10510564, 10517049, 10523536, 10530025, 10536516, 10543009, 10549504, 10556001, 10562500, 10569001, 10575504, 10582009, 10588516, 10595025, 10601536, 10608049, 10614564, 10621081, 10627600, 10634121, 10640644, 10647169, 10653696, 10660225, 10666756, 10673289, 10679824, 10686361, 10692900, 10699441, 10705984, 10712529, 10719076, 10725625, 10732176, 10738729, 10745284, 10751841, 10758400, 10764961, 10771524, 10778089, 10784656, 10791225, 10797796, 10804369, 10810944, 10817521, 10824100, 10830681, 10837264, 10843849, 10850436, 10857025, 10863616, 10870209, 10876804, 10883401, 10890000, 10896601, 10903204, 10909809, 10916416, 10923025, 10929636, 10936249, 10942864, 10949481, 10956100, 10962721, 10969344, 10975969, 10982596, 10989225, 10995856, 11002489, 11009124, 11015761, 11022400, 11029041, 11035684, 11042329, 11048976, 11055625, 11062276, 11068929, 11075584, 11082241, 11088900, 11095561, 11102224, 11108889, 11155600, 11189025, 11202409, 11209104, 11215801, 11222500, 11229201, 11235904, 11242609, 11256025, 11289600, 11303044, 11309769, 11350161, 11356900, 11370384, 11390625, 11404129, 11410884, 11424400, 11492100, 11505664, 11526025, 11539609, 11546404, 11553201, 11560000, 11566801, 11573604, 11580409, 11594025, 11600836, 11607649, 11628100, 11669056, 11696400, 11703241, 11710084, 11730625, 11758041, 11764900, 11806096, 11833600, 11840481, 11868025, 11881809, 11888704, 11895601, 11902500, 11909401, 11916304, 11923209, 11930116, 11937025, 11950849, 11971600, 12006225, 12013156, 12020089, 12027024, 12033961, 12040900, 12047841, 12054784, 12061729, 12068676, 12075625, 12082576, 12089529, 12096484, 12103441, 12110400, 12180100, 12187081, 12194064, 12201049, 12208036, 12215025, 12222016, 12229009, 12236004, 12243001, 12250000, 12257001, 12264004, 12271009, 12278016, 12285025, 12292036, 12299049, 12306064, 12313081, 12320100, 12390400, 12404484, 12460900, 12475024, 12482089, 12503296, 12510369, 12531600, 12567025, 12581209, 12588304, 12595401, 12602500, 12609601, 12616704, 12623809, 12630916, 12638025, 12673600, 12680721, 12702096, 12709225, 12730624, 12744900, 12752041, 12780625, 12802084, 12809241, 12816400, 12830724, 12845056, 12880921, 12888100, 12902464, 12909649, 12924025, 12938409, 12945604, 12952801, 12960000, 12967201, 12974404, 12981609, 12996025, 13003236, 13010449, 13017664, 13024881, 13032100, 13039321, 13046544, 13053769, 13060996, 13068225, 13075456, 13082689, 13089924, 13097161, 13104400, 13140625, 13176900, 13205956, 13220496, 13235044, 13249600, 13286025, 13300609, 13307904, 13315201, 13322500, 13329801, 13337104, 13344409, 13359025, 13380964, 13395600, 13402921, 13410244, 13468900, 13490929, 13505625, 13520329, 13535041, 13542400, 13601344, 13608721, 13616100, 13630864, 13653025, 13660416, 13667809, 13675204, 13682601, 13690000, 13697401, 13704804, 13712209, 13727025, 13764100, 13801225, 13808656, 13816089, 13830961, 13838400, 13860729, 13883076, 13890529, 13905441, 13912900, 13920361, 13950225, 13980121, 13987600, 13995081, 14002564, 14010049, 14017536, 14025025, 14032516, 14040009, 14047504, 14055001, 14062500, 14070001, 14077504, 14085009, 14092516, 14100025, 14107536, 14115049, 14130081, 14137600, 14160169, 14190289, 14205361, 14212900, 14220441, 14243076, 14250625, 14280841, 14288400, 14303524, 14311089, 14364100, 14402025, 14409616, 14417209, 14424804, 14432401, 14440000, 14447601, 14455204, 14462809, 14470416, 14478025, 14500864, 14508481, 14516100, 14592400, 14600041, 14607684, 14630625, 14668900, 14707225, 14730244, 14745600, 14760964, 14784025, 14799409, 14807104, 14814801, 14822500, 14830201, 14837904, 14845609, 14861025, 14899600, 14907321, 14915044, 14930496, 14976900, 15000129, 15007876, 15015625, 15023376, 15031129, 15038884, 15046641, 15054400, 15062161, 15069924, 15077689, 15085456, 15093225, 15100996, 15108769, 15132100, 15171025, 15186609, 15194404, 15202201, 15210000, 15217801, 15225604, 15233409, 15249025, 15280281, 15288100, 15303744, 15335056, 15350724, 15366400, 15382084, 15405625, 15437041, 15444900, 15460624, 15492096, 15507844, 15523600, 15563025, 15570916, 15578809, 15586704, 15594601, 15602500, 15610401, 15618304, 15626209, 15642025, 15681600, 15705369, 15737089, 15745024, 15760900, 15800625, 15808576, 15840400, 15880225, 15904144, 15920100, 15928081, 15936064, 15944049, 15952036, 15960025, 15968016, 15976009, 15984004, 15992001, 16000000, 16008001, 16016004, 16024009, 16032016, 16040025, 16048036, 16056049, 16064064, 16072081, 16080100, 16088121, 16096144, 16104169, 16120225, 16160400, 16200625, 16208676, 16240900, 16257024, 16265089, 16305444, 16321600, 16362025, 16370116, 16378209, 16386304, 16394401, 16402500, 16410601, 16418704, 16426809, 16443025, 16483600, 16507969, 16516096, 16540489, 16564900, 16573041, 16605625, 16630084, 16646400, 16670889, 16679056, 16703569, 16728100, 16760836, 16769025, 16785409, 16793604, 16801801, 16810000, 16818201, 16826404, 16834609, 16851025, 16892100, 16900321, 16908544, 16974400, 16990884, 17007376, 17015625, 17023876, 17032129, 17040384, 17048641, 17056900, 17065161, 17073424, 17081689, 17089956, 17098225, 17106496, 17123044, 17139600, 17181025, 17197609, 17205904, 17214201, 17222500, 17230801, 17239104, 17247409, 17264025, 17280649, 17305600, 17330569, 17380561, 17388900, 17405584, 17430625, 17464041, 17472400, 17480761, 17505856, 17530969, 17556100, 17598025, 17606416, 17614809, 17623204, 17631601, 17640000, 17648401, 17656804, 17665209, 17682025, 17690436, 17707264, 17724100, 17740944, 17783089, 17808400, 17850625, 17859076, 17892900, 17901361, 17909824, 17960644, 17977600, 17986081, 18003049, 18011536, 18020025, 18028516, 18037009, 18045504, 18054001, 18062500, 18071001, 18079504, 18088009, 18096516, 18105025, 18122049, 18130564, 18139081, 18147600, 18190225, 18207289, 18232900, 18267076, 18301284, 18309841, 18318400, 18344089, 18404100, 18447025, 18464209, 18472804, 18481401, 18490000, 18498601, 18507204, 18515809, 18533025, 18550249, 18576100, 18601969, 18610596, 18662400, 18671041, 18705625, 18740241, 18748900, 18800896, 18809569, 18835600, 18870336, 18879025, 18896409, 18905104, 18913801, 18922500, 18931201, 18939904, 18948609, 18966025, 19000881, 19009600, 19018321, 19027044, 19035769, 19044496, 19053225, 19061956, 19070689, 19079424, 19088161, 19096900, 19105641, 19140625, 19184400, 19201924, 19210689, 19272100, 19280881, 19307236, 19316025, 19333609, 19342404, 19351201, 19360000, 19368801, 19377604, 19386409, 19404025, 19430464, 19448100, 19501056, 19509889, 19536400, 19554084, 19580625, 19607184, 19616041, 19624900, 19660356, 19678096, 19704721, 19713600, 19740249, 19758025, 19775809, 19784704, 19793601, 19802500, 19811401, 19820304, 19829209, 19847025, 19891600, 19900521, 19909444, 19954089, 19963024, 19980900, 20007729, 20016676, 20025625, 20034576, 20043529, 20052484, 20061441, 20070400, 20079361, 20088324, 20097289, 20106256, 20115225, 20124196, 20133169, 20142144, 20151121, 20160100, 20169081, 20178064, 20187049, 20196036, 20205025, 20214016, 20223009, 20232004, 20241001, 20250000, 20259001, 20268004, 20277009, 20286016, 20295025, 20304036, 20313049, 20322064, 20331081, 20340100, 20349121, 20358144, 20367169, 20376196, 20385225, 20394256, 20403289, 20412324, 20421361, 20430400, 20439441, 20448484, 20457529, 20466576, 20475625, 20484676, 20493729, 20502784, 20511841, 20520900, 20529961, 20539024, 20548089, 20557156, 20566225, 20575296, 20584369, 20593444, 20602521, 20611600, 20620681, 20629764, 20638849, 20647936, 20657025, 20666116, 20675209, 20684304, 20693401, 20702500, 20711601, 20720704, 20729809, 20738916, 20748025, 20757136, 20766249, 20775364, 20784481, 20793600, 20802721, 20811844, 20820969, 20830096, 20839225, 20848356, 20857489, 20866624, 20875761, 20884900, 20894041, 20903184, 20912329, 20921476, 20930625, 20939776, 20948929, 20958084, 20967241, 20976400, 20985561, 20994724, 21003889, 21013056, 21022225, 21031396, 21040569, 21049744, 21058921, 21068100, 21077281, 21086464, 21095649, 21104836, 21114025, 21132409, 21141604, 21150801, 21160000, 21169201, 21178404, 21187609, 21206025, 21252100, 21270544, 21307456, 21344400, 21390625, 21409129, 21436900, 21501769, 21511044, 21520321, 21529600, 21576025, 21594609, 21603904, 21613201, 21622500, 21631801, 21641104, 21650409, 21669025, 21706281, 21715600, 21780889, 21790224, 21808900, 21893041, 21902400, 21930489, 21996100, 22005481, 22014864, 22024249, 22033636, 22043025, 22052416, 22061809, 22071204, 22080601, 22090000, 22099401, 22108804, 22118209, 22137025, 22184100, 22202944, 22240656, 22250089, 22278400, 22306729, 22335076, 22372900, 22401289, 22410756, 22420225, 22467600, 22477081, 22496049, 22505536, 22515025, 22534009, 22543504, 22553001, 22562500, 22572001, 22581504, 22591009, 22600516, 22610025, 22629049, 22648081, 22657600, 22705225, 22752900, 22791076, 22800625, 22810176, 22848400, 22877089, 22905796, 22944100, 22992025, 23001616, 23011209, 23020804, 23030401, 23040000, 23049601, 23059204, 23068809, 23078416, 23088025, 23097636, 23107249, 23136100, 23203489, 23232400, 23242041, 23270976, 23280625, 23290276, 23309584, 23328900, 23406244, 23425600, 23474025, 23493409, 23503104, 23512801, 23522500, 23532201, 23541904, 23551609, 23571025, 23580736, 23590449, 23600164, 23609881, 23619600, 23639044, 23707161, 23716900, 23804641, 23814400, 23902321, 23912100, 23961025, 23970816, 23980609, 23990404, 24000201, 24010000, 24019801, 24029604, 24039409, 24049216, 24059025, 24068836, 24078649, 24088464, 24098281, 24108100, 24167056, 24206400, 24226084, 24295041, 24304900, 24364096, 24403600, 24453025, 24472809, 24482704, 24492601, 24502500, 24512401, 24522304, 24532209, 24552025, 24601600, 24671089, 24681024, 24690961, 24700900, 24710841, 24720784, 24730729, 24740676, 24750625, 24760576, 24770529, 24780484, 24790441, 24800400, 24810361, 24820324, 24830289, 24840256, 24850225, 24860196, 24870169, 24880144, 24890121, 24900100, 24910081, 24920064, 24930049, 24940036, 24950025, 24960016, 24970009, 24980004, 24990001, 25000000, 25010001, 25020004, 25030009, 25040016, 25050025, 25060036, 25070049, 25080064, 25090081, 25100100, 25110121, 25120144, 25130169, 25140196, 25150225, 25160256, 25170289, 25180324, 25190361, 25200400, 25210441, 25220484, 25230529, 25240576, 25250625, 25260676, 25270729, 25280784, 25290841, 25300900, 25310961, 25321024, 25331089, 25401600, 25452025, 25472209, 25482304, 25492401, 25502500, 25512601, 25522704, 25532809, 25553025, 25603600, 25644096, 25704900, 25715041, 25786084, 25806400, 25847056, 25908100, 25959025, 25979409, 25989604, 25999801, 26010000, 26020201, 26030404, 26040609, 26050816, 26061025, 26071236, 26081449, 26091664, 26101881, 26112100, 26204161, 26214400, 26306641, 26316900, 26399044, 26409321, 26419600, 26440164, 26450449, 26460736, 26471025, 26491609, 26501904, 26512201, 26522500, 26532801, 26543104, 26553409, 26574025, 26604964, 26625600, 26708224, 26728900, 26770276, 26780625, 26790976, 26801329, 26822041, 26832400, 26904969, 26936100, 26988025, 27008809, 27019204, 27029601, 27040000, 27050401, 27060804, 27071209, 27081616, 27092025, 27102436, 27144100, 27206656, 27217089, 27248400, 27290176, 27300625, 27311076, 27352900, 27405225, 27457600, 27468081, 27489049, 27510025, 27520516, 27531009, 27541504, 27552001, 27562500, 27573001, 27583504, 27594009, 27604516, 27615025, 27636049, 27657081, 27667600, 27709696, 27720225, 27730756, 27772900, 27804529, 27815076, 27878400, 27910089, 27920656, 27984100, 28005264, 28015849, 28026436, 28037025, 28047616, 28058209, 28068804, 28079401, 28090000, 28100601, 28111204, 28121809, 28143025, 28196100, 28206721, 28270489, 28302400, 28313041, 28408900, 28430224, 28440889, 28504921, 28515600, 28569025, 28590409, 28601104, 28611801, 28622500, 28633201, 28643904, 28654609, 28676025, 28708164, 28729600, 28740321, 28751044, 28804689, 28836900, 28890625, 28901376, 28944400, 29008996, 29019769, 29030544, 29041321, 29052100, 29062881, 29073664, 29084449, 29095236, 29106025, 29127609, 29138404, 29149201, 29160000, 29170801, 29181604, 29192409, 29203216, 29214025, 29268100, 29300569, 29333056, 29376400, 29398084, 29408929, 29430625, 29474041, 29484900, 29506624, 29550096, 29560969, 29593600, 29604481, 29648025, 29669809, 29680704, 29691601, 29702500, 29713401, 29724304, 29735209, 29757025, 29800681, 29811600, 29888089, 29899024, 29909961, 29920900, 30008484, 30019441, 30030400, 30041361, 30052324, 30063289, 30074256, 30085225, 30096196, 30107169, 30118144, 30129121, 30140100, 30151081, 30162064, 30173049, 30184036, 30195025, 30206016, 30217009, 30228004, 30239001, 30250000, 30261001, 30272004, 30283009, 30294016, 30305025, 30316036, 30327049, 30338064, 30349081, 30360100, 30371121, 30382144, 30393169, 30404196, 30415225, 30426256, 30437289, 30448324, 30459361, 30470400, 30481441, 30492484, 30503529, 30514576, 30525625, 30536676, 30547729, 30558784, 30569841, 30580900, 30591961, 30603024, 30614089, 30625156, 30636225, 30647296, 30658369, 30669444, 30680521, 30691600, 30702681, 30713764, 30724849, 30735936, 30747025, 30758116, 30769209, 30780304, 30791401, 30802500, 30813601, 30824704, 30835809, 30846916, 30858025, 30869136, 30880249, 30891364, 30902481, 30913600, 30924721, 30935844, 30946969, 30958096, 30969225, 30980356, 30991489, 31002624, 31013761, 31024900, 31036041, 31047184, 31058329, 31069476, 31080625, 31091776, 31102929, 31114084, 31136400, 31181056, 31203396, 31248100, 31270464, 31304025, 31326409, 31337604, 31348801, 31360000, 31371201, 31382404, 31393609, 31404816, 31416025, 31460881, 31472100, 31505769, 31550689, 31584400, 31606884, 31640625, 31696900, 31708161, 31730689, 31787044, 31809600, 31820881, 31866025, 31888609, 31899904, 31911201, 31922500, 31933801, 31945104, 31956409, 31979025, 31990336, 32001649, 32012964, 32024281, 32035600, 32046921, 32058244, 32069569, 32080896, 32092225, 32103556, 32148900, 32160241, 32205625, 32251041, 32262400, 32307856, 32330596, 32376100, 32410249, 32433025, 32455809, 32467204, 32478601, 32490000, 32501401, 32512804, 32524209, 32547025, 32604100, 32684089, 32706961, 32718400, 32787076, 32809984, 32832900, 32890225, 32901696, 32947600, 32959081, 32970564, 32982049, 33005025, 33016516, 33028009, 33039504, 33051001, 33062500]
3012
]]></system-out>
  <system-err><![CDATA[]]></system-err>
</testsuite>
